[0.075s] Invoking command in '/home/stardust/eng_ws/build/exchangestation_detector': CMAKE_PREFIX_PATH=${CMAKE_PREFIX_PATH}:/opt/ros/humble /usr/bin/cmake --build /home/stardust/eng_ws/build/exchangestation_detector -- -j8 -l8
[0.150s] [35m[1mConsolidate compiler generated dependencies of target exchangestation_detector[0m
[0.182s] [ 33%] [32mBuilding CXX object CMakeFiles/exchangestation_detector.dir/src/detector_node.cpp.o[0m
[3.324s] [01m[K/home/stardust/eng_ws/src/exchangestation_detector/src/detector_node.cpp:[m[K In constructor â€˜[01m[Kexchangestation_detector_node::exchangestation_detector_node(const rclcpp::NodeOptions&)[m[Kâ€™:
[3.324s] [01m[K/home/stardust/eng_ws/src/exchangestation_detector/src/detector_node.cpp:25:40:[m[K [01;31m[Kerror: [m[Kâ€˜[01m[Kmsg_interfaces[m[Kâ€™ was not declared in this scope; did you mean â€˜[01m[Kmsg_interface[m[Kâ€™?
[3.324s]    25 |     angle_pub = this->create_publisher<[01;31m[Kmsg_interfaces[m[K::msg::Angle>("angle", rclcpp::SensorDataQoS());
[3.325s]       |                                        [01;31m[K^~~~~~~~~~~~~~[m[K
[3.325s]       |                                        [32m[Kmsg_interface[m[K
[3.325s] [01m[K/home/stardust/eng_ws/src/exchangestation_detector/src/detector_node.cpp:25:23:[m[K [01;31m[Kerror: [m[Kparse error in template argument list
[3.325s]    25 |     angle_pub = this->[01;31m[Kcreate_publisher<msg_interfaces::msg::Angle>[m[K("angle", rclcpp::SensorDataQoS());
[3.325s]       |                       [01;31m[K^~~~~~~~~~~~~~~~~~~~~~~~~~~~~~~~~~~~~~~~~~~~[m[K
[3.325s] [01m[K/home/stardust/eng_ws/src/exchangestation_detector/src/detector_node.cpp:25:67:[m[K [01;31m[Kerror: [m[Kno matching function for call to â€˜[01m[Kexchangestation_detector_node::create_publisher<<expression error> >(const char [6], rclcpp::SensorDataQoS)[m[Kâ€™
[3.325s]    25 |     angle_pub = [01;31m[Kthis->create_publisher<msg_interfaces::msg::Angle>("angle", rclcpp::SensorDataQoS())[m[K;
[3.325s]       |                 [01;31m[K~~~~~~~~~~~~~~~~~~~~~~~~~~~~~~~~~~~~~~~~~~~~~~~~~~^~~~~~~~~~~~~~~~~~~~~~~~~~~~~~~~~~[m[K
[3.325s] In file included from [01m[K/opt/ros/humble/include/rclcpp/rclcpp/executors/single_threaded_executor.hpp:28[m[K,
[3.325s]                  from [01m[K/opt/ros/humble/include/rclcpp/rclcpp/executors.hpp:22[m[K,
[3.325s]                  from [01m[K/opt/ros/humble/include/rclcpp/rclcpp/rclcpp.hpp:155[m[K,
[3.325s]                  from [01m[K/home/stardust/eng_ws/src/exchangestation_detector/include/exchangestation_detector/detector_node.hpp:3[m[K,
[3.325s]                  from [01m[K/home/stardust/eng_ws/src/exchangestation_detector/src/detector_node.cpp:14[m[K:
[3.325s] [01m[K/opt/ros/humble/include/rclcpp/rclcpp/node.hpp:195:3:[m[K [01;36m[Knote: [m[Kcandidate: â€˜[01m[Ktemplate<class MessageT, class AllocatorT, class PublisherT> std::shared_ptr<PublisherT> rclcpp::Node::create_publisher(const string&, const rclcpp::QoS&, const rclcpp::PublisherOptionsWithAllocator<AllocatorT>&)[m[Kâ€™
[3.325s]   195 |   [01;36m[Kcreate_publisher[m[K(
[3.325s]       |   [01;36m[K^~~~~~~~~~~~~~~~[m[K
[3.325s] [01m[K/opt/ros/humble/include/rclcpp/rclcpp/node.hpp:195:3:[m[K [01;36m[Knote: [m[K  template argument deduction/substitution failed:
[3.325s] [01m[K/home/stardust/eng_ws/src/exchangestation_detector/src/detector_node.cpp:25:67:[m[K [01;31m[Kerror: [m[Ktemplate argument 1 is invalid
[3.325s]    25 |     angle_pub = [01;31m[Kthis->create_publisher<msg_interfaces::msg::Angle>("angle", rclcpp::SensorDataQoS())[m[K;
[3.326s]       |                 [01;31m[K~~~~~~~~~~~~~~~~~~~~~~~~~~~~~~~~~~~~~~~~~~~~~~~~~~^~~~~~~~~~~~~~~~~~~~~~~~~~~~~~~~~~[m[K
[3.328s] [01m[K/home/stardust/eng_ws/src/exchangestation_detector/src/detector_node.cpp:32:90:[m[K [01;31m[Kerror: [m[Kâ€˜[01m[KSensorDataQos[m[Kâ€™ is not a member of â€˜[01m[Krclcpp[m[Kâ€™; did you mean â€˜[01m[KSensorDataQoS[m[Kâ€™?
[3.328s]    32 |     image_sub = this->create_subscription<sensor_msgs::msg::Image>("/image_raw", rclcpp::[01;31m[KSensorDataQos[m[K(),
[3.328s]       |                                                                                          [01;31m[K^~~~~~~~~~~~~[m[K
[3.328s]       |                                                                                          [32m[KSensorDataQoS[m[K
[3.333s] [01m[K/home/stardust/eng_ws/src/exchangestation_detector/src/detector_node.cpp:[m[K At global scope:
[3.333s] [01m[K/home/stardust/eng_ws/src/exchangestation_detector/src/detector_node.cpp:34:6:[m[K [01;31m[Kerror: [m[Kexpected unqualified-id before â€˜[01m[K)[m[Kâ€™ token
[3.333s]    34 |     }[01;31m[K)[m[K;
[3.333s]       |      [01;31m[K^[m[K
[3.333s] [01m[K/home/stardust/eng_ws/src/exchangestation_detector/src/detector_node.cpp:35:1:[m[K [01;31m[Kerror: [m[Kexpected declaration before â€˜[01m[K}[m[Kâ€™ token
[3.334s]    35 | [01;31m[K}[m[K
[3.334s]       | [01;31m[K^[m[K
[3.334s] [01m[K/home/stardust/eng_ws/src/exchangestation_detector/src/detector_node.cpp:41:25:[m[K [01;31m[Kerror: [m[Kno declaration matches â€˜[01m[KExchangeStationDetector exchangestation_detector_node::initDetector()[m[Kâ€™
[3.334s]    41 | ExchangeStationDetector [01;31m[Kexchangestation_detector_node[m[K::initDetector() {
[3.334s]       |                         [01;31m[K^~~~~~~~~~~~~~~~~~~~~~~~~~~~~[m[K
[3.334s] In file included from [01m[K/home/stardust/eng_ws/src/exchangestation_detector/src/detector_node.cpp:14[m[K:
[3.334s] [01m[K/home/stardust/eng_ws/src/exchangestation_detector/include/exchangestation_detector/detector_node.hpp:22:46:[m[K [01;36m[Knote: [m[Kcandidate is: â€˜[01m[Kstd::unique_ptr<ExchangeStationDetector> exchangestation_detector_node::initDetector()[m[Kâ€™
[3.334s]    22 |     std::unique_ptr<ExchangeStationDetector> [01;36m[KinitDetector[m[K();
[3.334s]       |                                              [01;36m[K^~~~~~~~~~~~[m[K
[3.334s] [01m[K/home/stardust/eng_ws/src/exchangestation_detector/include/exchangestation_detector/detector_node.hpp:14:7:[m[K [01;36m[Knote: [m[Kâ€˜[01m[Kclass exchangestation_detector_node[m[Kâ€™ defined here
[3.335s]    14 | class [01;36m[Kexchangestation_detector_node[m[K : public rclcpp::Node {
[3.335s]       |       [01;36m[K^~~~~~~~~~~~~~~~~~~~~~~~~~~~~[m[K
[3.335s] [01m[K/home/stardust/eng_ws/src/exchangestation_detector/src/detector_node.cpp:61:6:[m[K [01;31m[Kerror: [m[Kno declaration matches â€˜[01m[Kvoid ExchangeStationDetector::imageCallback(const SharedPtr&)[m[Kâ€™
[3.335s]    61 | void [01;31m[KExchangeStationDetector[m[K::imageCallback(const sensor_msgs::msg::Image::SharedPtr & msg) {
[3.335s]       |      [01;31m[K^~~~~~~~~~~~~~~~~~~~~~~[m[K
[3.335s] [01m[K/home/stardust/eng_ws/src/exchangestation_detector/src/detector_node.cpp:61:6:[m[K [01;36m[Knote: [m[Kno functions named â€˜[01m[Kvoid ExchangeStationDetector::imageCallback(const SharedPtr&)[m[Kâ€™
[3.335s] In file included from [01m[K/home/stardust/eng_ws/src/exchangestation_detector/include/exchangestation_detector/detector_node.hpp:12[m[K,
[3.335s]                  from [01m[K/home/stardust/eng_ws/src/exchangestation_detector/src/detector_node.cpp:14[m[K:
[3.335s] [01m[K/home/stardust/eng_ws/src/exchangestation_detector/include/exchangestation_detector/exchangestation_detector.hpp:19:7:[m[K [01;36m[Knote: [m[Kâ€˜[01m[Kclass ExchangeStationDetector[m[Kâ€™ defined here
[3.335s]    19 | class [01;36m[KExchangeStationDetector[m[K {
[3.335s]       |       [01;36m[K^~~~~~~~~~~~~~~~~~~~~~~[m[K
[6.124s] gmake[2]: *** [CMakeFiles/exchangestation_detector.dir/build.make:90ï¼šCMakeFiles/exchangestation_detector.dir/src/detector_node.cpp.o] é”™è¯¯ 1
[6.125s] gmake[1]: *** [CMakeFiles/Makefile2:137ï¼šCMakeFiles/exchangestation_detector.dir/all] é”™è¯¯ 2
[6.125s] gmake: *** [Makefile:146ï¼šall] é”™è¯¯ 2
[6.128s] Invoked command in '/home/stardust/eng_ws/build/exchangestation_detector' returned '2': CMAKE_PREFIX_PATH=${CMAKE_PREFIX_PATH}:/opt/ros/humble /usr/bin/cmake --build /home/stardust/eng_ws/build/exchangestation_detector -- -j8 -l8
