[35m[1mConsolidate compiler generated dependencies of target serial_node[0m
[35m[1mConsolidate compiler generated dependencies of target serial[0m
[ 25%] [32mBuilding CXX object CMakeFiles/serial_node.dir/src/serial.cpp.o[0m
[ 25%] [32mBuilding CXX object CMakeFiles/serial.dir/src/serial.cpp.o[0m
[01m[K/home/jlurobovision/eng_ws/src/serial/src/serial.cpp:[m[K In function ‘[01m[Kstd::vector<std::__cxx11::basic_string<char> > readLines(std::string)[m[K’:
[01m[K/home/jlurobovision/eng_ws/src/serial/src/serial.cpp:86:19:[m[K [01;31m[Kerror: [m[Kaggregate ‘[01m[Kstd::ifstream file[m[K’ has incomplete type and cannot be defined
   86 |     std::ifstream [01;31m[Kfile[m[K;
      |                   [01;31m[K^~~~[m[K
[01m[K/home/jlurobovision/eng_ws/src/serial/src/serial.cpp:[m[K In function ‘[01m[Kstd::vector<std::__cxx11::basic_string<char> > readLines(std::string)[m[K’:
[01m[K/home/jlurobovision/eng_ws/src/serial/src/serial.cpp:86:19:[m[K [01;31m[Kerror: [m[Kaggregate ‘[01m[Kstd::ifstream file[m[K’ has incomplete type and cannot be defined
   86 |     std::ifstream [01;31m[Kfile[m[K;
      |                   [01;31m[K^~~~[m[K
gmake[2]: *** [CMakeFiles/serial.dir/build.make:90：CMakeFiles/serial.dir/src/serial.cpp.o] 错误 1
gmake[1]: *** [CMakeFiles/Makefile2:139：CMakeFiles/serial.dir/all] 错误 2
gmake[1]: *** 正在等待未完成的任务....
gmake[2]: *** [CMakeFiles/serial_node.dir/build.make:90：CMakeFiles/serial_node.dir/src/serial.cpp.o] 错误 1
gmake[1]: *** [CMakeFiles/Makefile2:165：CMakeFiles/serial_node.dir/all] 错误 2
gmake: *** [Makefile:146：all] 错误 2
