-- Found ament_cmake: 1.3.8 (/opt/ros/humble/share/ament_cmake/cmake)
-- Found rclcpp: 16.0.8 (/opt/ros/humble/share/rclcpp/cmake)
-- Found rosidl_generator_c: 3.1.5 (/opt/ros/humble/share/rosidl_generator_c/cmake)
-- Found rosidl_adapter: 3.1.5 (/opt/ros/humble/share/rosidl_adapter/cmake)
-- Found rosidl_generator_cpp: 3.1.5 (/opt/ros/humble/share/rosidl_generator_cpp/cmake)
-- Using all available rosidl_typesupport_c: rosidl_typesupport_fastrtps_c;rosidl_typesupport_introspection_c
-- Using all available rosidl_typesupport_cpp: rosidl_typesupport_fastrtps_cpp;rosidl_typesupport_introspection_cpp
-- Found rmw_implementation_cmake: 6.1.1 (/opt/ros/humble/share/rmw_implementation_cmake/cmake)
-- Found rmw_fastrtps_cpp: 6.2.6 (/opt/ros/humble/share/rmw_fastrtps_cpp/cmake)
-- Using RMW implementation 'rmw_fastrtps_cpp' as default
-- Found rclpy: 3.3.12 (/opt/ros/humble/share/rclpy/cmake)
-- Found rclcpp_components: 16.0.8 (/opt/ros/humble/share/rclcpp_components/cmake)
-- Found geometry_msgs: 4.2.3 (/opt/ros/humble/share/geometry_msgs/cmake)
-- Found message_filters: 4.3.3 (/opt/ros/humble/share/message_filters/cmake)
-- Found msg_interfaces: 0.0.0 (/home/jlurobovision/eng_ws/install/msg_interfaces/share/msg_interfaces/cmake)
-- Found sensor_msgs: 4.2.3 (/opt/ros/humble/share/sensor_msgs/cmake)
-- Found tf2_geometry_msgs: 0.25.6 (/opt/ros/humble/share/tf2_geometry_msgs/cmake)
-- Found eigen3_cmake_module: 0.1.1 (/opt/ros/humble/share/eigen3_cmake_module/cmake)
-- Ensuring Eigen3 include directory is part of orocos-kdl CMake target
-- Found ament_lint_auto: 0.12.10 (/opt/ros/humble/share/ament_lint_auto/cmake)
-- Added test 'copyright' to check source files copyright and LICENSE
-- Added test 'cppcheck' to perform static code analysis on C / C++ code
-- Configured cppcheck include dirs: /home/jlurobovision/eng_ws/src/serial/include
-- Configured cppcheck exclude dirs and/or files: 
-- Added test 'cpplint' to check C / C++ code against the Google style
-- Configured cpplint exclude dirs and/or files: 
-- Added test 'lint_cmake' to check CMake code style
-- Added test 'uncrustify' to check C / C++ code style
-- Configured uncrustify additional arguments: 
-- Added test 'xmllint' to check XML markup files
-- Configuring done
-- Generating done
-- Build files have been written to: /home/jlurobovision/eng_ws/build/serial
[ 75%] [32mBuilding CXX object CMakeFiles/serial.dir/src/crc_check.cpp.o[0m
[ 75%] [32mBuilding CXX object CMakeFiles/serial_node.dir/src/serial.cpp.o[0m
[ 75%] [32mBuilding CXX object CMakeFiles/serial_node.dir/src/crc_check.cpp.o[0m
[ 75%] [32mBuilding CXX object CMakeFiles/serial_node.dir/src/serial_node.cpp.o[0m
[ 75%] [32mBuilding CXX object CMakeFiles/serial.dir/src/serial_node.cpp.o[0m
[ 75%] [32mBuilding CXX object CMakeFiles/serial.dir/src/serial.cpp.o[0m
In file included from [01m[K/home/jlurobovision/eng_ws/src/serial/src/serial_node.cpp:8[m[K:
[01m[K/home/jlurobovision/eng_ws/src/serial/src/../include/serial/serial_node.hpp:22:10:[m[K [01;31m[Kfatal error: [m[Kmsg_interfaces/msg/angle.hpp: æ²¡æœ‰é‚£ä¸ªæ–‡ä»¶æˆ–ç›®å½•
   22 | #include [01;31m[K"msg_interfaces/msg/angle.hpp"[m[K
      |          [01;31m[K^~~~~~~~~~~~~~~~~~~~~~~~~~~~~~[m[K
compilation terminated.
In file included from [01m[K/home/jlurobovision/eng_ws/src/serial/src/serial_node.cpp:8[m[K:
[01m[K/home/jlurobovision/eng_ws/src/serial/src/../include/serial/serial_node.hpp:22:10:[m[K [01;31m[Kfatal error: [m[Kmsg_interfaces/msg/angle.hpp: æ²¡æœ‰é‚£ä¸ªæ–‡ä»¶æˆ–ç›®å½•
   22 | #include [01;31m[K"msg_interfaces/msg/angle.hpp"[m[K
      |          [01;31m[K^~~~~~~~~~~~~~~~~~~~~~~~~~~~~~[m[K
compilation terminated.
gmake[2]: *** [CMakeFiles/serial_node.dir/build.make:104ï¼šCMakeFiles/serial_node.dir/src/serial_node.cpp.o] é”™è¯¯ 1
gmake[2]: *** æ­£åœ¨ç­‰å¾…æœªå®Œæˆçš„ä»»åŠ¡....
gmake[2]: *** [CMakeFiles/serial.dir/build.make:104ï¼šCMakeFiles/serial.dir/src/serial_node.cpp.o] é”™è¯¯ 1
gmake[2]: *** æ­£åœ¨ç­‰å¾…æœªå®Œæˆçš„ä»»åŠ¡....
In file included from [01m[K/home/jlurobovision/eng_ws/src/serial/src/serial.cpp:1[m[K:
[01m[K/home/jlurobovision/eng_ws/src/serial/src/../include/serial/serial.hpp:76:9:[m[K [01;31m[Kerror: [m[Kâ€˜[01m[Kuchar[m[Kâ€™ does not name a type; did you mean â€˜[01m[Ku_char[m[Kâ€™?
   76 |         [01;31m[Kuchar[m[K Tdata[64] = {0x00};
      |         [01;31m[K^~~~~[m[K
      |         [32m[Ku_char[m[K
[01m[K/home/jlurobovision/eng_ws/src/serial/src/serial.cpp:[m[K In member function â€˜[01m[Kvoid serialport::SerialPort::sendData(int)[m[Kâ€™:
[01m[K/home/jlurobovision/eng_ws/src/serial/src/serial.cpp:107:52:[m[K [01;31m[Kerror: [m[Kâ€˜[01m[KTdata[m[Kâ€™ was not declared in this scope
  107 |         auto write_stauts = write(serial_data_.fd, [01;31m[KTdata[m[K, bytes_num);
      |                                                    [01;31m[K^~~~~[m[K
[01m[K/home/jlurobovision/eng_ws/src/serial/src/serial.cpp:[m[K In member function â€˜[01m[Kstd::vector<serialport::Device> serialport::SerialPort::listPorts()[m[Kâ€™:
[01m[K/home/jlurobovision/eng_ws/src/serial/src/serial.cpp:186:38:[m[K [01;31m[Kerror: [m[Kâ€˜[01m[KsymbolicToReal[m[Kâ€™ was not declared in this scope
  186 |                     auto real_path = [01;31m[KsymbolicToReal[m[K(tty_dir_path);
      |                                      [01;31m[K^~~~~~~~~~~~~~[m[K
[01m[K/home/jlurobovision/eng_ws/src/serial/src/serial.cpp:190:57:[m[K [01;31m[Kerror: [m[Kâ€˜[01m[KgetParent[m[Kâ€™ was not declared in this scope
  190 |                         info_path = getParent(getParent([01;31m[KgetParent[m[K(real_path)));
      |                                                         [01;31m[K^~~~~~~~~[m[K
[01m[K/home/jlurobovision/eng_ws/src/serial/src/serial.cpp:190:47:[m[K [01;31m[Kerror: [m[Kâ€˜[01m[KgetParent[m[Kâ€™ was not declared in this scope
  190 |                         info_path = getParent([01;31m[KgetParent[m[K(getParent(real_path)));
      |                                               [01;31m[K^~~~~~~~~[m[K
[01m[K/home/jlurobovision/eng_ws/src/serial/src/serial.cpp:190:37:[m[K [01;31m[Kerror: [m[Kâ€˜[01m[KgetParent[m[Kâ€™ was not declared in this scope
  190 |                         info_path = [01;31m[KgetParent[m[K(getParent(getParent(real_path)));
      |                                     [01;31m[K^~~~~~~~~[m[K
In file included from [01m[K/home/jlurobovision/eng_ws/src/serial/src/serial.cpp:1[m[K:
[01m[K/home/jlurobovision/eng_ws/src/serial/src/../include/serial/serial.hpp:76:9:[m[K [01;31m[Kerror: [m[Kâ€˜[01m[Kuchar[m[Kâ€™ does not name a type; did you mean â€˜[01m[Ku_char[m[Kâ€™?
   76 |         [01;31m[Kuchar[m[K Tdata[64] = {0x00};
      |         [01;31m[K^~~~~[m[K
      |         [32m[Ku_char[m[K
[01m[K/home/jlurobovision/eng_ws/src/serial/src/serial.cpp:192:67:[m[K [01;31m[Kerror: [m[Kâ€˜[01m[KgetParent[m[Kâ€™ was not declared in this scope
  192 |                         info_path = getParent(getParent(getParent([01;31m[KgetParent[m[K(real_path))));
      |                                                                   [01;31m[K^~~~~~~~~[m[K
[01m[K/home/jlurobovision/eng_ws/src/serial/src/serial.cpp:[m[K In member function â€˜[01m[Kvoid serialport::SerialPort::sendData(int)[m[Kâ€™:
[01m[K/home/jlurobovision/eng_ws/src/serial/src/serial.cpp:107:52:[m[K [01;31m[Kerror: [m[Kâ€˜[01m[KTdata[m[Kâ€™ was not declared in this scope
  107 |         auto write_stauts = write(serial_data_.fd, [01;31m[KTdata[m[K, bytes_num);
      |                                                    [01;31m[K^~~~~[m[K
[01m[K/home/jlurobovision/eng_ws/src/serial/src/serial.cpp:192:57:[m[K [01;31m[Kerror: [m[Kâ€˜[01m[KgetParent[m[Kâ€™ was not declared in this scope
  192 |                         info_path = getParent(getParent([01;31m[KgetParent[m[K(getParent(real_path))));
      |                                                         [01;31m[K^~~~~~~~~[m[K
[01m[K/home/jlurobovision/eng_ws/src/serial/src/serial.cpp:192:47:[m[K [01;31m[Kerror: [m[Kâ€˜[01m[KgetParent[m[Kâ€™ was not declared in this scope
  192 |                         info_path = getParent([01;31m[KgetParent[m[K(getParent(getParent(real_path))));
      |                                               [01;31m[K^~~~~~~~~[m[K
[01m[K/home/jlurobovision/eng_ws/src/serial/src/serial.cpp:[m[K In member function â€˜[01m[Kstd::vector<serialport::Device> serialport::SerialPort::listPorts()[m[Kâ€™:
[01m[K/home/jlurobovision/eng_ws/src/serial/src/serial.cpp:186:38:[m[K [01;31m[Kerror: [m[Kâ€˜[01m[KsymbolicToReal[m[Kâ€™ was not declared in this scope
  186 |                     auto real_path = [01;31m[KsymbolicToReal[m[K(tty_dir_path);
      |                                      [01;31m[K^~~~~~~~~~~~~~[m[K
[01m[K/home/jlurobovision/eng_ws/src/serial/src/serial.cpp:192:37:[m[K [01;31m[Kerror: [m[Kâ€˜[01m[KgetParent[m[Kâ€™ was not declared in this scope
  192 |                         info_path = [01;31m[KgetParent[m[K(getParent(getParent(getParent(real_path))));
      |                                     [01;31m[K^~~~~~~~~[m[K
[01m[K/home/jlurobovision/eng_ws/src/serial/src/serial.cpp:190:57:[m[K [01;31m[Kerror: [m[Kâ€˜[01m[KgetParent[m[Kâ€™ was not declared in this scope
  190 |                         info_path = getParent(getParent([01;31m[KgetParent[m[K(real_path)));
      |                                                         [01;31m[K^~~~~~~~~[m[K
[01m[K/home/jlurobovision/eng_ws/src/serial/src/serial.cpp:[m[K In member function â€˜[01m[Kserialport::Device serialport::SerialPort::getDeviceInfo(std::string)[m[Kâ€™:
[01m[K/home/jlurobovision/eng_ws/src/serial/src/serial.cpp:212:22:[m[K [01;31m[Kerror: [m[Kâ€˜[01m[KreadLines[m[Kâ€™ was not declared in this scope; did you mean â€˜[01m[Kreadlink[m[Kâ€™?
  212 |         auto texts = [01;31m[KreadLines[m[K(uevent_path);
      |                      [01;31m[K^~~~~~~~~[m[K
      |                      [32m[Kreadlink[m[K
[01m[K/home/jlurobovision/eng_ws/src/serial/src/serial.cpp:190:47:[m[K [01;31m[Kerror: [m[Kâ€˜[01m[KgetParent[m[Kâ€™ was not declared in this scope
  190 |                         info_path = getParent([01;31m[KgetParent[m[K(getParent(real_path)));
      |                                               [01;31m[K^~~~~~~~~[m[K
[01m[K/home/jlurobovision/eng_ws/src/serial/src/serial.cpp:190:37:[m[K [01;31m[Kerror: [m[Kâ€˜[01m[KgetParent[m[Kâ€™ was not declared in this scope
  190 |                         info_path = [01;31m[KgetParent[m[K(getParent(getParent(real_path)));
      |                                     [01;31m[K^~~~~~~~~[m[K
[01m[K/home/jlurobovision/eng_ws/src/serial/src/serial.cpp:192:67:[m[K [01;31m[Kerror: [m[Kâ€˜[01m[KgetParent[m[Kâ€™ was not declared in this scope
  192 |                         info_path = getParent(getParent(getParent([01;31m[KgetParent[m[K(real_path))));
      |                                                                   [01;31m[K^~~~~~~~~[m[K
[01m[K/home/jlurobovision/eng_ws/src/serial/src/serial.cpp:192:57:[m[K [01;31m[Kerror: [m[Kâ€˜[01m[KgetParent[m[Kâ€™ was not declared in this scope
  192 |                         info_path = getParent(getParent([01;31m[KgetParent[m[K(getParent(real_path))));
      |                                                         [01;31m[K^~~~~~~~~[m[K
[01m[K/home/jlurobovision/eng_ws/src/serial/src/serial.cpp:192:47:[m[K [01;31m[Kerror: [m[Kâ€˜[01m[KgetParent[m[Kâ€™ was not declared in this scope
  192 |                         info_path = getParent([01;31m[KgetParent[m[K(getParent(getParent(real_path))));
      |                                               [01;31m[K^~~~~~~~~[m[K
[01m[K/home/jlurobovision/eng_ws/src/serial/src/serial.cpp:192:37:[m[K [01;31m[Kerror: [m[Kâ€˜[01m[KgetParent[m[Kâ€™ was not declared in this scope
  192 |                         info_path = [01;31m[KgetParent[m[K(getParent(getParent(getParent(real_path))));
      |                                     [01;31m[K^~~~~~~~~[m[K
[01m[K/home/jlurobovision/eng_ws/src/serial/src/serial.cpp:[m[K In member function â€˜[01m[Kserialport::Device serialport::SerialPort::getDeviceInfo(std::string)[m[Kâ€™:
[01m[K/home/jlurobovision/eng_ws/src/serial/src/serial.cpp:212:22:[m[K [01;31m[Kerror: [m[Kâ€˜[01m[KreadLines[m[Kâ€™ was not declared in this scope; did you mean â€˜[01m[Kreadlink[m[Kâ€™?
  212 |         auto texts = [01;31m[KreadLines[m[K(uevent_path);
      |                      [01;31m[K^~~~~~~~~[m[K
      |                      [32m[Kreadlink[m[K
gmake[2]: *** [CMakeFiles/serial.dir/build.make:90ï¼šCMakeFiles/serial.dir/src/serial.cpp.o] é”™è¯¯ 1
gmake[1]: *** [CMakeFiles/Makefile2:139ï¼šCMakeFiles/serial.dir/all] é”™è¯¯ 2
gmake[1]: *** æ­£åœ¨ç­‰å¾…æœªå®Œæˆçš„ä»»åŠ¡....
gmake[2]: *** [CMakeFiles/serial_node.dir/build.make:90ï¼šCMakeFiles/serial_node.dir/src/serial.cpp.o] é”™è¯¯ 1
gmake[1]: *** [CMakeFiles/Makefile2:165ï¼šCMakeFiles/serial_node.dir/all] é”™è¯¯ 2
gmake: *** [Makefile:146ï¼šall] é”™è¯¯ 2
