[0.011s] Invoking command in '/home/jlurobovision/eng_ws/build/serial': CMAKE_PREFIX_PATH=/home/jlurobovision/eng_ws/install/msg_interfaces:/home/jlurobovision/eng_ws/install/serial:/home/jlurobovision/eng_ws/install/exchangestation_detector:/home/jlurobovision/eng_ws/install/hik_camera:/home/jlurobovision/eng_ws/install/galaxy_camera:/opt/ros/humble LD_LIBRARY_PATH=/home/jlurobovision/eng_ws/install/msg_interfaces/lib:/home/jlurobovision/eng_ws/install/exchangestation_detector/lib:/home/jlurobovision/eng_ws/install/hik_camera/lib:/home/jlurobovision/eng_ws/install/galaxy_camera/lib:/opt/ros/humble/opt/rviz_ogre_vendor/lib:/opt/ros/humble/lib/x86_64-linux-gnu:/opt/ros/humble/lib PYTHONPATH=/home/jlurobovision/eng_ws/install/msg_interfaces/lib/python3.10/site-packages:/home/jlurobovision/eng_ws/install/msg_interfaces/local/lib/python3.10/dist-packages:/opt/ros/humble/lib/python3.10/site-packages:/opt/ros/humble/local/lib/python3.10/dist-packages /usr/bin/cmake --build /home/jlurobovision/eng_ws/build/serial -- -j12 -l12
[0.032s] -- Found ament_cmake: 1.3.8 (/opt/ros/humble/share/ament_cmake/cmake)
[0.169s] -- Found rclcpp: 16.0.8 (/opt/ros/humble/share/rclcpp/cmake)
[0.200s] -- Found rosidl_generator_c: 3.1.5 (/opt/ros/humble/share/rosidl_generator_c/cmake)
[0.203s] -- Found rosidl_adapter: 3.1.5 (/opt/ros/humble/share/rosidl_adapter/cmake)
[0.210s] -- Found rosidl_generator_cpp: 3.1.5 (/opt/ros/humble/share/rosidl_generator_cpp/cmake)
[0.223s] -- Using all available rosidl_typesupport_c: rosidl_typesupport_fastrtps_c;rosidl_typesupport_introspection_c
[0.238s] -- Using all available rosidl_typesupport_cpp: rosidl_typesupport_fastrtps_cpp;rosidl_typesupport_introspection_cpp
[0.299s] -- Found rmw_implementation_cmake: 6.1.1 (/opt/ros/humble/share/rmw_implementation_cmake/cmake)
[0.300s] -- Found rmw_fastrtps_cpp: 6.2.6 (/opt/ros/humble/share/rmw_fastrtps_cpp/cmake)
[0.444s] -- Using RMW implementation 'rmw_fastrtps_cpp' as default
[0.614s] -- Found rclpy: 3.3.12 (/opt/ros/humble/share/rclpy/cmake)
[0.615s] -- Found rclcpp_components: 16.0.8 (/opt/ros/humble/share/rclcpp_components/cmake)
[0.673s] -- Found geometry_msgs: 4.2.3 (/opt/ros/humble/share/geometry_msgs/cmake)
[0.719s] -- Found message_filters: 4.3.3 (/opt/ros/humble/share/message_filters/cmake)
[0.735s] -- Found msg_interfaces: 0.0.0 (/home/jlurobovision/eng_ws/install/msg_interfaces/share/msg_interfaces/cmake)
[0.752s] -- Found sensor_msgs: 4.2.3 (/opt/ros/humble/share/sensor_msgs/cmake)
[0.841s] -- Found tf2_geometry_msgs: 0.25.6 (/opt/ros/humble/share/tf2_geometry_msgs/cmake)
[0.845s] -- Found eigen3_cmake_module: 0.1.1 (/opt/ros/humble/share/eigen3_cmake_module/cmake)
[0.846s] -- Ensuring Eigen3 include directory is part of orocos-kdl CMake target
[1.143s] -- Found ament_lint_auto: 0.12.10 (/opt/ros/humble/share/ament_lint_auto/cmake)
[1.207s] -- Added test 'copyright' to check source files copyright and LICENSE
[1.208s] -- Added test 'cppcheck' to perform static code analysis on C / C++ code
[1.209s] -- Configured cppcheck include dirs: /home/jlurobovision/eng_ws/src/serial/include
[1.209s] -- Configured cppcheck exclude dirs and/or files: 
[1.209s] -- Added test 'cpplint' to check C / C++ code against the Google style
[1.209s] -- Configured cpplint exclude dirs and/or files: 
[1.210s] -- Added test 'lint_cmake' to check CMake code style
[1.210s] -- Added test 'uncrustify' to check C / C++ code style
[1.210s] -- Configured uncrustify additional arguments: 
[1.211s] -- Added test 'xmllint' to check XML markup files
[1.211s] -- Configuring done
[1.239s] -- Generating done
[1.242s] -- Build files have been written to: /home/jlurobovision/eng_ws/build/serial
[1.281s] [ 75%] [32mBuilding CXX object CMakeFiles/serial.dir/src/crc_check.cpp.o[0m
[1.281s] [ 75%] [32mBuilding CXX object CMakeFiles/serial_node.dir/src/serial.cpp.o[0m
[1.282s] [ 75%] [32mBuilding CXX object CMakeFiles/serial_node.dir/src/crc_check.cpp.o[0m
[1.282s] [ 75%] [32mBuilding CXX object CMakeFiles/serial_node.dir/src/serial_node.cpp.o[0m
[1.282s] [ 75%] [32mBuilding CXX object CMakeFiles/serial.dir/src/serial_node.cpp.o[0m
[1.282s] [ 75%] [32mBuilding CXX object CMakeFiles/serial.dir/src/serial.cpp.o[0m
[1.726s] In file included from [01m[K/home/jlurobovision/eng_ws/src/serial/src/serial_node.cpp:8[m[K:
[1.726s] [01m[K/home/jlurobovision/eng_ws/src/serial/src/../include/serial/serial_node.hpp:22:10:[m[K [01;31m[Kfatal error: [m[Kmsg_interfaces/msg/angle.hpp: Ê≤°ÊúâÈÇ£‰∏™Êñá‰ª∂ÊàñÁõÆÂΩï
[1.727s]    22 | #include [01;31m[K"msg_interfaces/msg/angle.hpp"[m[K
[1.727s]       |          [01;31m[K^~~~~~~~~~~~~~~~~~~~~~~~~~~~~~[m[K
[1.727s] compilation terminated.
[1.727s] In file included from [01m[K/home/jlurobovision/eng_ws/src/serial/src/serial_node.cpp:8[m[K:
[1.727s] [01m[K/home/jlurobovision/eng_ws/src/serial/src/../include/serial/serial_node.hpp:22:10:[m[K [01;31m[Kfatal error: [m[Kmsg_interfaces/msg/angle.hpp: Ê≤°ÊúâÈÇ£‰∏™Êñá‰ª∂ÊàñÁõÆÂΩï
[1.727s]    22 | #include [01;31m[K"msg_interfaces/msg/angle.hpp"[m[K
[1.727s]       |          [01;31m[K^~~~~~~~~~~~~~~~~~~~~~~~~~~~~~[m[K
[1.727s] compilation terminated.
[1.737s] gmake[2]: *** [CMakeFiles/serial_node.dir/build.make:104ÔºöCMakeFiles/serial_node.dir/src/serial_node.cpp.o] ÈîôËØØ 1
[1.737s] gmake[2]: *** Ê≠£Âú®Á≠âÂæÖÊú™ÂÆåÊàêÁöÑ‰ªªÂä°....
[1.741s] gmake[2]: *** [CMakeFiles/serial.dir/build.make:104ÔºöCMakeFiles/serial.dir/src/serial_node.cpp.o] ÈîôËØØ 1
[1.742s] gmake[2]: *** Ê≠£Âú®Á≠âÂæÖÊú™ÂÆåÊàêÁöÑ‰ªªÂä°....
[4.365s] In file included from [01m[K/home/jlurobovision/eng_ws/src/serial/src/serial.cpp:1[m[K:
[4.365s] [01m[K/home/jlurobovision/eng_ws/src/serial/src/../include/serial/serial.hpp:76:9:[m[K [01;31m[Kerror: [m[K‚Äò[01m[Kuchar[m[K‚Äô does not name a type; did you mean ‚Äò[01m[Ku_char[m[K‚Äô?
[4.365s]    76 |         [01;31m[Kuchar[m[K Tdata[64] = {0x00};
[4.365s]       |         [01;31m[K^~~~~[m[K
[4.365s]       |         [32m[Ku_char[m[K
[4.376s] [01m[K/home/jlurobovision/eng_ws/src/serial/src/serial.cpp:[m[K In member function ‚Äò[01m[Kvoid serialport::SerialPort::sendData(int)[m[K‚Äô:
[4.376s] [01m[K/home/jlurobovision/eng_ws/src/serial/src/serial.cpp:107:52:[m[K [01;31m[Kerror: [m[K‚Äò[01m[KTdata[m[K‚Äô was not declared in this scope
[4.376s]   107 |         auto write_stauts = write(serial_data_.fd, [01;31m[KTdata[m[K, bytes_num);
[4.376s]       |                                                    [01;31m[K^~~~~[m[K
[4.391s] [01m[K/home/jlurobovision/eng_ws/src/serial/src/serial.cpp:[m[K In member function ‚Äò[01m[Kstd::vector<serialport::Device> serialport::SerialPort::listPorts()[m[K‚Äô:
[4.392s] [01m[K/home/jlurobovision/eng_ws/src/serial/src/serial.cpp:186:38:[m[K [01;31m[Kerror: [m[K‚Äò[01m[KsymbolicToReal[m[K‚Äô was not declared in this scope
[4.392s]   186 |                     auto real_path = [01;31m[KsymbolicToReal[m[K(tty_dir_path);
[4.392s]       |                                      [01;31m[K^~~~~~~~~~~~~~[m[K
[4.398s] [01m[K/home/jlurobovision/eng_ws/src/serial/src/serial.cpp:190:57:[m[K [01;31m[Kerror: [m[K‚Äò[01m[KgetParent[m[K‚Äô was not declared in this scope
[4.398s]   190 |                         info_path = getParent(getParent([01;31m[KgetParent[m[K(real_path)));
[4.399s]       |                                                         [01;31m[K^~~~~~~~~[m[K
[4.405s] [01m[K/home/jlurobovision/eng_ws/src/serial/src/serial.cpp:190:47:[m[K [01;31m[Kerror: [m[K‚Äò[01m[KgetParent[m[K‚Äô was not declared in this scope
[4.406s]   190 |                         info_path = getParent([01;31m[KgetParent[m[K(getParent(real_path)));
[4.406s]       |                                               [01;31m[K^~~~~~~~~[m[K
[4.412s] [01m[K/home/jlurobovision/eng_ws/src/serial/src/serial.cpp:190:37:[m[K [01;31m[Kerror: [m[K‚Äò[01m[KgetParent[m[K‚Äô was not declared in this scope
[4.412s]   190 |                         info_path = [01;31m[KgetParent[m[K(getParent(getParent(real_path)));
[4.412s]       |                                     [01;31m[K^~~~~~~~~[m[K
[4.414s] In file included from [01m[K/home/jlurobovision/eng_ws/src/serial/src/serial.cpp:1[m[K:
[4.414s] [01m[K/home/jlurobovision/eng_ws/src/serial/src/../include/serial/serial.hpp:76:9:[m[K [01;31m[Kerror: [m[K‚Äò[01m[Kuchar[m[K‚Äô does not name a type; did you mean ‚Äò[01m[Ku_char[m[K‚Äô?
[4.414s]    76 |         [01;31m[Kuchar[m[K Tdata[64] = {0x00};
[4.414s]       |         [01;31m[K^~~~~[m[K
[4.414s]       |         [32m[Ku_char[m[K
[4.418s] [01m[K/home/jlurobovision/eng_ws/src/serial/src/serial.cpp:192:67:[m[K [01;31m[Kerror: [m[K‚Äò[01m[KgetParent[m[K‚Äô was not declared in this scope
[4.418s]   192 |                         info_path = getParent(getParent(getParent([01;31m[KgetParent[m[K(real_path))));
[4.418s]       |                                                                   [01;31m[K^~~~~~~~~[m[K
[4.425s] [01m[K/home/jlurobovision/eng_ws/src/serial/src/serial.cpp:[m[K In member function ‚Äò[01m[Kvoid serialport::SerialPort::sendData(int)[m[K‚Äô:
[4.425s] [01m[K/home/jlurobovision/eng_ws/src/serial/src/serial.cpp:107:52:[m[K [01;31m[Kerror: [m[K‚Äò[01m[KTdata[m[K‚Äô was not declared in this scope
[4.425s]   107 |         auto write_stauts = write(serial_data_.fd, [01;31m[KTdata[m[K, bytes_num);
[4.425s]       |                                                    [01;31m[K^~~~~[m[K
[4.428s] [01m[K/home/jlurobovision/eng_ws/src/serial/src/serial.cpp:192:57:[m[K [01;31m[Kerror: [m[K‚Äò[01m[KgetParent[m[K‚Äô was not declared in this scope
[4.428s]   192 |                         info_path = getParent(getParent([01;31m[KgetParent[m[K(getParent(real_path))));
[4.428s]       |                                                         [01;31m[K^~~~~~~~~[m[K
[4.437s] [01m[K/home/jlurobovision/eng_ws/src/serial/src/serial.cpp:192:47:[m[K [01;31m[Kerror: [m[K‚Äò[01m[KgetParent[m[K‚Äô was not declared in this scope
[4.437s]   192 |                         info_path = getParent([01;31m[KgetParent[m[K(getParent(getParent(real_path))));
[4.437s]       |                                               [01;31m[K^~~~~~~~~[m[K
[4.445s] [01m[K/home/jlurobovision/eng_ws/src/serial/src/serial.cpp:[m[K In member function ‚Äò[01m[Kstd::vector<serialport::Device> serialport::SerialPort::listPorts()[m[K‚Äô:
[4.445s] [01m[K/home/jlurobovision/eng_ws/src/serial/src/serial.cpp:186:38:[m[K [01;31m[Kerror: [m[K‚Äò[01m[KsymbolicToReal[m[K‚Äô was not declared in this scope
[4.445s]   186 |                     auto real_path = [01;31m[KsymbolicToReal[m[K(tty_dir_path);
[4.445s]       |                                      [01;31m[K^~~~~~~~~~~~~~[m[K
[4.447s] [01m[K/home/jlurobovision/eng_ws/src/serial/src/serial.cpp:192:37:[m[K [01;31m[Kerror: [m[K‚Äò[01m[KgetParent[m[K‚Äô was not declared in this scope
[4.447s]   192 |                         info_path = [01;31m[KgetParent[m[K(getParent(getParent(getParent(real_path))));
[4.448s]       |                                     [01;31m[K^~~~~~~~~[m[K
[4.457s] [01m[K/home/jlurobovision/eng_ws/src/serial/src/serial.cpp:190:57:[m[K [01;31m[Kerror: [m[K‚Äò[01m[KgetParent[m[K‚Äô was not declared in this scope
[4.457s]   190 |                         info_path = getParent(getParent([01;31m[KgetParent[m[K(real_path)));
[4.457s]       |                                                         [01;31m[K^~~~~~~~~[m[K
[4.460s] [01m[K/home/jlurobovision/eng_ws/src/serial/src/serial.cpp:[m[K In member function ‚Äò[01m[Kserialport::Device serialport::SerialPort::getDeviceInfo(std::string)[m[K‚Äô:
[4.460s] [01m[K/home/jlurobovision/eng_ws/src/serial/src/serial.cpp:212:22:[m[K [01;31m[Kerror: [m[K‚Äò[01m[KreadLines[m[K‚Äô was not declared in this scope; did you mean ‚Äò[01m[Kreadlink[m[K‚Äô?
[4.461s]   212 |         auto texts = [01;31m[KreadLines[m[K(uevent_path);
[4.461s]       |                      [01;31m[K^~~~~~~~~[m[K
[4.461s]       |                      [32m[Kreadlink[m[K
[4.464s] [01m[K/home/jlurobovision/eng_ws/src/serial/src/serial.cpp:190:47:[m[K [01;31m[Kerror: [m[K‚Äò[01m[KgetParent[m[K‚Äô was not declared in this scope
[4.464s]   190 |                         info_path = getParent([01;31m[KgetParent[m[K(getParent(real_path)));
[4.464s]       |                                               [01;31m[K^~~~~~~~~[m[K
[4.473s] [01m[K/home/jlurobovision/eng_ws/src/serial/src/serial.cpp:190:37:[m[K [01;31m[Kerror: [m[K‚Äò[01m[KgetParent[m[K‚Äô was not declared in this scope
[4.473s]   190 |                         info_path = [01;31m[KgetParent[m[K(getParent(getParent(real_path)));
[4.473s]       |                                     [01;31m[K^~~~~~~~~[m[K
[4.479s] [01m[K/home/jlurobovision/eng_ws/src/serial/src/serial.cpp:192:67:[m[K [01;31m[Kerror: [m[K‚Äò[01m[KgetParent[m[K‚Äô was not declared in this scope
[4.479s]   192 |                         info_path = getParent(getParent(getParent([01;31m[KgetParent[m[K(real_path))));
[4.479s]       |                                                                   [01;31m[K^~~~~~~~~[m[K
[4.486s] [01m[K/home/jlurobovision/eng_ws/src/serial/src/serial.cpp:192:57:[m[K [01;31m[Kerror: [m[K‚Äò[01m[KgetParent[m[K‚Äô was not declared in this scope
[4.486s]   192 |                         info_path = getParent(getParent([01;31m[KgetParent[m[K(getParent(real_path))));
[4.486s]       |                                                         [01;31m[K^~~~~~~~~[m[K
[4.493s] [01m[K/home/jlurobovision/eng_ws/src/serial/src/serial.cpp:192:47:[m[K [01;31m[Kerror: [m[K‚Äò[01m[KgetParent[m[K‚Äô was not declared in this scope
[4.493s]   192 |                         info_path = getParent([01;31m[KgetParent[m[K(getParent(getParent(real_path))));
[4.493s]       |                                               [01;31m[K^~~~~~~~~[m[K
[4.499s] [01m[K/home/jlurobovision/eng_ws/src/serial/src/serial.cpp:192:37:[m[K [01;31m[Kerror: [m[K‚Äò[01m[KgetParent[m[K‚Äô was not declared in this scope
[4.499s]   192 |                         info_path = [01;31m[KgetParent[m[K(getParent(getParent(getParent(real_path))));
[4.499s]       |                                     [01;31m[K^~~~~~~~~[m[K
[4.506s] [01m[K/home/jlurobovision/eng_ws/src/serial/src/serial.cpp:[m[K In member function ‚Äò[01m[Kserialport::Device serialport::SerialPort::getDeviceInfo(std::string)[m[K‚Äô:
[4.506s] [01m[K/home/jlurobovision/eng_ws/src/serial/src/serial.cpp:212:22:[m[K [01;31m[Kerror: [m[K‚Äò[01m[KreadLines[m[K‚Äô was not declared in this scope; did you mean ‚Äò[01m[Kreadlink[m[K‚Äô?
[4.506s]   212 |         auto texts = [01;31m[KreadLines[m[K(uevent_path);
[4.506s]       |                      [01;31m[K^~~~~~~~~[m[K
[4.506s]       |                      [32m[Kreadlink[m[K
[5.023s] gmake[2]: *** [CMakeFiles/serial.dir/build.make:90ÔºöCMakeFiles/serial.dir/src/serial.cpp.o] ÈîôËØØ 1
[5.023s] gmake[1]: *** [CMakeFiles/Makefile2:139ÔºöCMakeFiles/serial.dir/all] ÈîôËØØ 2
[5.023s] gmake[1]: *** Ê≠£Âú®Á≠âÂæÖÊú™ÂÆåÊàêÁöÑ‰ªªÂä°....
[5.072s] gmake[2]: *** [CMakeFiles/serial_node.dir/build.make:90ÔºöCMakeFiles/serial_node.dir/src/serial.cpp.o] ÈîôËØØ 1
[5.072s] gmake[1]: *** [CMakeFiles/Makefile2:165ÔºöCMakeFiles/serial_node.dir/all] ÈîôËØØ 2
[5.072s] gmake: *** [Makefile:146Ôºöall] ÈîôËØØ 2
[5.074s] Invoked command in '/home/jlurobovision/eng_ws/build/serial' returned '2': CMAKE_PREFIX_PATH=/home/jlurobovision/eng_ws/install/msg_interfaces:/home/jlurobovision/eng_ws/install/serial:/home/jlurobovision/eng_ws/install/exchangestation_detector:/home/jlurobovision/eng_ws/install/hik_camera:/home/jlurobovision/eng_ws/install/galaxy_camera:/opt/ros/humble LD_LIBRARY_PATH=/home/jlurobovision/eng_ws/install/msg_interfaces/lib:/home/jlurobovision/eng_ws/install/exchangestation_detector/lib:/home/jlurobovision/eng_ws/install/hik_camera/lib:/home/jlurobovision/eng_ws/install/galaxy_camera/lib:/opt/ros/humble/opt/rviz_ogre_vendor/lib:/opt/ros/humble/lib/x86_64-linux-gnu:/opt/ros/humble/lib PYTHONPATH=/home/jlurobovision/eng_ws/install/msg_interfaces/lib/python3.10/site-packages:/home/jlurobovision/eng_ws/install/msg_interfaces/local/lib/python3.10/dist-packages:/opt/ros/humble/lib/python3.10/site-packages:/opt/ros/humble/local/lib/python3.10/dist-packages /usr/bin/cmake --build /home/jlurobovision/eng_ws/build/serial -- -j12 -l12
