[0.080s] Invoking command in '/home/stardust/eng_ws/build/exchangestation_detector': CMAKE_PREFIX_PATH=${CMAKE_PREFIX_PATH}:/opt/ros/humble /usr/bin/cmake --build /home/stardust/eng_ws/build/exchangestation_detector -- -j8 -l8
[0.261s] [ 66%] [32mBuilding CXX object CMakeFiles/exchangestation_detector.dir/src/exchangestation_detector.cpp.o[0m
[0.261s] [ 66%] [32mBuilding CXX object CMakeFiles/exchangestation_detector.dir/src/detector_node.cpp.o[0m
[0.312s] [01m[K/home/stardust/eng_ws/src/exchangestation_detector/src/exchangestation_detector.cpp:1:10:[m[K [01;31m[Kfatal error: [m[Kexchangestation_detector/exchangestation_detector.hpp: 没有那个文件或目录
[0.312s]     1 | #include [01;31m[K"exchangestation_detector/exchangestation_detector.hpp"[m[K
[0.312s]       |          [01;31m[K^~~~~~~~~~~~~~~~~~~~~~~~~~~~~~~~~~~~~~~~~~~~~~~~~~~~~~~[m[K
[0.312s] [01m[K/home/stardust/eng_ws/src/exchangestation_detector/src/detector_node.cpp:2:10:[m[K [01;31m[Kfatal error: [m[Kimage_transport/image_transport.h: 没有那个文件或目录
[0.312s]     2 | #include [01;31m[K<image_transport/image_transport.h>[m[K
[0.312s]       |          [01;31m[K^~~~~~~~~~~~~~~~~~~~~~~~~~~~~~~~~~~[m[K
[0.312s] compilation terminated.
[0.312s] compilation terminated.
[0.314s] gmake[2]: *** [CMakeFiles/exchangestation_detector.dir/build.make:90：CMakeFiles/exchangestation_detector.dir/src/detector_node.cpp.o] 错误 1
[0.314s] gmake[2]: *** 正在等待未完成的任务....
[0.315s] gmake[2]: *** [CMakeFiles/exchangestation_detector.dir/build.make:76：CMakeFiles/exchangestation_detector.dir/src/exchangestation_detector.cpp.o] 错误 1
[0.315s] gmake[1]: *** [CMakeFiles/Makefile2:137：CMakeFiles/exchangestation_detector.dir/all] 错误 2
[0.315s] gmake: *** [Makefile:146：all] 错误 2
[0.319s] Invoked command in '/home/stardust/eng_ws/build/exchangestation_detector' returned '2': CMAKE_PREFIX_PATH=${CMAKE_PREFIX_PATH}:/opt/ros/humble /usr/bin/cmake --build /home/stardust/eng_ws/build/exchangestation_detector -- -j8 -l8
