[0.073s] Invoking command in '/home/stardust/eng_ws/build/exchangestation_detector': CMAKE_PREFIX_PATH=/home/stardust/eng_ws/install/msg_interface:/home/stardust/eng_ws/install/serial:/home/stardust/eng_ws/install/hik_camera:/opt/ros/humble /usr/bin/cmake --build /home/stardust/eng_ws/build/exchangestation_detector -- -j8 -l8
[0.101s] -- Found ament_cmake: 1.3.7 (/opt/ros/humble/share/ament_cmake/cmake)
[0.238s] -- Found ament_cmake_auto: 1.3.7 (/opt/ros/humble/share/ament_cmake_auto/cmake)
[0.239s] -- Found image_transport: 3.1.8 (/opt/ros/humble/share/image_transport/cmake)
[0.270s] -- Found rosidl_generator_c: 3.1.5 (/opt/ros/humble/share/rosidl_generator_c/cmake)
[0.272s] -- Found rosidl_adapter: 3.1.5 (/opt/ros/humble/share/rosidl_adapter/cmake)
[0.277s] -- Found rosidl_generator_cpp: 3.1.5 (/opt/ros/humble/share/rosidl_generator_cpp/cmake)
[0.286s] -- Using all available rosidl_typesupport_c: rosidl_typesupport_fastrtps_c;rosidl_typesupport_introspection_c
[0.300s] -- Using all available rosidl_typesupport_cpp: rosidl_typesupport_fastrtps_cpp;rosidl_typesupport_introspection_cpp
[0.353s] -- Found rmw_implementation_cmake: 6.1.1 (/opt/ros/humble/share/rmw_implementation_cmake/cmake)
[0.354s] -- Found rmw_fastrtps_cpp: 6.2.6 (/opt/ros/humble/share/rmw_fastrtps_cpp/cmake)
[0.472s] -- Using RMW implementation 'rmw_fastrtps_cpp' as default
[0.732s] -- Found cv_bridge: 3.2.1 (/opt/ros/humble/share/cv_bridge/cmake)
[0.737s] -- Found serial: 0.0.0 (/home/stardust/eng_ws/install/serial/share/serial/cmake)
[0.864s] -- Found ament_lint_auto: 0.12.10 (/opt/ros/humble/share/ament_lint_auto/cmake)
[0.871s] -- Added test 'copyright' to check source files copyright and LICENSE
[0.873s] -- Added test 'cppcheck' to perform static code analysis on C / C++ code
[0.873s] -- Configured cppcheck include dirs: $<BUILD_INTERFACE:/home/stardust/eng_ws/src/exchangestation_detector/include>
[0.873s] -- Configured cppcheck exclude dirs and/or files: 
[0.874s] -- Added test 'lint_cmake' to check CMake code style
[0.875s] -- Added test 'uncrustify' to check C / C++ code style
[0.875s] -- Configured uncrustify additional arguments: 
[0.876s] -- Added test 'xmllint' to check XML markup files
[0.877s] -- Configuring done
[0.892s] -- Generating done
[0.894s] -- Build files have been written to: /home/stardust/eng_ws/build/exchangestation_detector
[0.940s] [ 66%] [32mBuilding CXX object CMakeFiles/exchangestation_detector.dir/src/detector_node.cpp.o[0m
[0.940s] [ 66%] [32mBuilding CXX object CMakeFiles/exchangestation_detector.dir/src/exchangestation_detector.cpp.o[0m
[1.269s] In file included from [01m[K/home/stardust/eng_ws/src/exchangestation_detector/src/detector_node.cpp:14[m[K:
[1.270s] [01m[K/home/stardust/eng_ws/src/exchangestation_detector/include/exchangestation_detector/detector_node.hpp:13:10:[m[K [01;31m[Kfatal error: [m[Kmsg_interface/msg/angle.hpp: æ²¡æœ‰é‚£ä¸ªæ–‡ä»¶æˆ–ç›®å½•
[1.270s]    13 | #include [01;31m[K"msg_interface/msg/angle.hpp"[m[K
[1.270s]       |          [01;31m[K^~~~~~~~~~~~~~~~~~~~~~~~~~~~~[m[K
[1.270s] compilation terminated.
[1.274s] gmake[2]: *** [CMakeFiles/exchangestation_detector.dir/build.make:90ï¼šCMakeFiles/exchangestation_detector.dir/src/detector_node.cpp.o] é”™è¯¯ 1
[1.274s] gmake[2]: *** æ­£åœ¨ç­‰å¾…æœªå®Œæˆçš„ä»»åŠ¡....
[1.734s] [01m[K/home/stardust/eng_ws/src/exchangestation_detector/src/exchangestation_detector.cpp:[m[K In member function â€˜[01m[Kvoid ExchangeStationDetector::selectContours()[m[Kâ€™:
[1.734s] [01m[K/home/stardust/eng_ws/src/exchangestation_detector/src/exchangestation_detector.cpp:168:25:[m[K [01;35m[Kwarning: [m[Kvariable â€˜[01m[Kcenter[m[Kâ€™ set but not used [[01;35m[K]8;;https://gcc.gnu.org/onlinedocs/gcc/Warning-Options.html#index-Wunused-but-set-variable-Wunused-but-set-variable]8;;[m[K]
[1.734s]   168 |             cv::Point2f [01;35m[Kcenter[m[K = boundary.center;
[1.734s]       |                         [01;35m[K^~~~~~[m[K
[1.736s] [01m[K/home/stardust/eng_ws/src/exchangestation_detector/src/exchangestation_detector.cpp:133:12:[m[K [01;35m[Kwarning: [m[Kunused variable â€˜[01m[KminDis[m[Kâ€™ [[01;35m[K]8;;https://gcc.gnu.org/onlinedocs/gcc/Warning-Options.html#index-Wunused-variable-Wunused-variable]8;;[m[K]
[1.736s]   133 |     double [01;35m[KminDis[m[K = 0, maxDis = 400; // Compare between contours
[1.736s]       |            [01;35m[K^~~~~~[m[K
[1.736s] [01m[K/home/stardust/eng_ws/src/exchangestation_detector/src/exchangestation_detector.cpp:133:24:[m[K [01;35m[Kwarning: [m[Kunused variable â€˜[01m[KmaxDis[m[Kâ€™ [[01;35m[K]8;;https://gcc.gnu.org/onlinedocs/gcc/Warning-Options.html#index-Wunused-variable-Wunused-variable]8;;[m[K]
[1.736s]   133 |     double minDis = 0, [01;35m[KmaxDis[m[K = 400; // Compare between contours
[1.736s]       |                        [01;35m[K^~~~~~[m[K
[2.268s] gmake[1]: *** [CMakeFiles/Makefile2:137ï¼šCMakeFiles/exchangestation_detector.dir/all] é”™è¯¯ 2
[2.269s] gmake: *** [Makefile:146ï¼šall] é”™è¯¯ 2
[2.272s] Invoked command in '/home/stardust/eng_ws/build/exchangestation_detector' returned '2': CMAKE_PREFIX_PATH=/home/stardust/eng_ws/install/msg_interface:/home/stardust/eng_ws/install/serial:/home/stardust/eng_ws/install/hik_camera:/opt/ros/humble /usr/bin/cmake --build /home/stardust/eng_ws/build/exchangestation_detector -- -j8 -l8
