[0.011s] Invoking command in '/home/jlurobovision/eng_ws/build/exchangestation_detector': AMENT_PREFIX_PATH=/home/jlurobovision/eng_ws/install/msg_interfaces:${AMENT_PREFIX_PATH} CMAKE_PREFIX_PATH=/home/jlurobovision/eng_ws/install/msg_interfaces:/opt/ros/humble LD_LIBRARY_PATH=/home/jlurobovision/eng_ws/install/msg_interfaces/lib:${LD_LIBRARY_PATH} PYTHONPATH=/home/jlurobovision/eng_ws/install/msg_interfaces/local/lib/python3.10/dist-packages:/home/jlurobovision/eng_ws/install/msg_interfaces/lib/python3.10/site-packages:${PYTHONPATH} /usr/bin/cmake /home/jlurobovision/eng_ws/src/exchangestation_detector -DCMAKE_INSTALL_PREFIX=/home/jlurobovision/eng_ws/install/exchangestation_detector
[0.143s] -- The C compiler identification is GNU 11.4.0
[0.214s] -- The CXX compiler identification is GNU 11.4.0
[0.232s] -- Detecting C compiler ABI info
[0.298s] -- Detecting C compiler ABI info - done
[0.308s] -- Check for working C compiler: /usr/bin/cc - skipped
[0.309s] -- Detecting C compile features
[0.309s] -- Detecting C compile features - done
[0.314s] -- Detecting CXX compiler ABI info
[0.411s] -- Detecting CXX compiler ABI info - done
[0.425s] -- Check for working CXX compiler: /usr/bin/c++ - skipped
[0.425s] -- Detecting CXX compile features
[0.426s] -- Detecting CXX compile features - done
[0.430s] -- Found ament_cmake: 1.3.8 (/opt/ros/humble/share/ament_cmake/cmake)
[0.684s] -- Found Python3: /usr/bin/python3 (found version "3.10.12") found components: Interpreter 
[0.826s] -- Found OpenCV: /usr/local (found version "4.9.0") 
[0.828s] -- Found ament_cmake_auto: 1.3.8 (/opt/ros/humble/share/ament_cmake_auto/cmake)
[0.833s] -- Found image_transport: 3.1.8 (/opt/ros/humble/share/image_transport/cmake)
[0.885s] -- Found rosidl_generator_c: 3.1.5 (/opt/ros/humble/share/rosidl_generator_c/cmake)
[0.890s] -- Found rosidl_adapter: 3.1.5 (/opt/ros/humble/share/rosidl_adapter/cmake)
[0.897s] -- Found rosidl_generator_cpp: 3.1.5 (/opt/ros/humble/share/rosidl_generator_cpp/cmake)
[0.917s] -- Using all available rosidl_typesupport_c: rosidl_typesupport_fastrtps_c;rosidl_typesupport_introspection_c
[0.947s] -- Using all available rosidl_typesupport_cpp: rosidl_typesupport_fastrtps_cpp;rosidl_typesupport_introspection_cpp
[1.026s] -- Found rmw_implementation_cmake: 6.1.1 (/opt/ros/humble/share/rmw_implementation_cmake/cmake)
[1.028s] -- Found rmw_fastrtps_cpp: 6.2.6 (/opt/ros/humble/share/rmw_fastrtps_cpp/cmake)
[1.238s] -- Found OpenSSL: /usr/lib/x86_64-linux-gnu/libcrypto.so (found version "3.0.2")  
[1.276s] -- Found FastRTPS: /opt/ros/humble/include  
[1.340s] -- Using RMW implementation 'rmw_fastrtps_cpp' as default
[1.352s] -- Looking for pthread.h
[1.444s] -- Looking for pthread.h - found
[1.444s] -- Performing Test CMAKE_HAVE_LIBC_PTHREAD
[1.516s] -- Performing Test CMAKE_HAVE_LIBC_PTHREAD - Success
[1.520s] -- Found Threads: TRUE  
[2.411s] -- Found cv_bridge: 3.2.1 (/opt/ros/humble/share/cv_bridge/cmake)
[2.422s] -- Found serial: 0.0.0 (/home/jlurobovision/eng_ws/install/serial/share/serial/cmake)
[2.422s] -- Found msg_interfaces: 0.0.0 (/home/jlurobovision/eng_ws/install/msg_interfaces/share/msg_interfaces/cmake)
[2.613s] -- Found ament_lint_auto: 0.12.10 (/opt/ros/humble/share/ament_lint_auto/cmake)
[2.631s] -- Added test 'copyright' to check source files copyright and LICENSE
[2.635s] -- Added test 'cppcheck' to perform static code analysis on C / C++ code
[2.635s] -- Configured cppcheck include dirs: /home/jlurobovision/eng_ws/src/exchangestation_detector/include;$<BUILD_INTERFACE:/home/jlurobovision/eng_ws/src/exchangestation_detector/include>
[2.636s] -- Configured cppcheck exclude dirs and/or files: 
[2.637s] -- Added test 'flake8' to check Python code syntax and style conventions
[2.638s] -- Added test 'lint_cmake' to check CMake code style
[2.640s] -- Added test 'pep257' to check Python code against some of the docstring style conventions in PEP 257
[2.642s] -- Added test 'uncrustify' to check C / C++ code style
[2.642s] -- Configured uncrustify additional arguments: 
[2.643s] -- Added test 'xmllint' to check XML markup files
[2.650s] -- Configuring done
[2.686s] -- Generating done
[2.688s] -- Build files have been written to: /home/jlurobovision/eng_ws/build/exchangestation_detector
[2.699s] Invoked command in '/home/jlurobovision/eng_ws/build/exchangestation_detector' returned '0': AMENT_PREFIX_PATH=/home/jlurobovision/eng_ws/install/msg_interfaces:${AMENT_PREFIX_PATH} CMAKE_PREFIX_PATH=/home/jlurobovision/eng_ws/install/msg_interfaces:/opt/ros/humble LD_LIBRARY_PATH=/home/jlurobovision/eng_ws/install/msg_interfaces/lib:${LD_LIBRARY_PATH} PYTHONPATH=/home/jlurobovision/eng_ws/install/msg_interfaces/local/lib/python3.10/dist-packages:/home/jlurobovision/eng_ws/install/msg_interfaces/lib/python3.10/site-packages:${PYTHONPATH} /usr/bin/cmake /home/jlurobovision/eng_ws/src/exchangestation_detector -DCMAKE_INSTALL_PREFIX=/home/jlurobovision/eng_ws/install/exchangestation_detector
[2.701s] Invoking command in '/home/jlurobovision/eng_ws/build/exchangestation_detector': AMENT_PREFIX_PATH=/home/jlurobovision/eng_ws/install/msg_interfaces:${AMENT_PREFIX_PATH} CMAKE_PREFIX_PATH=/home/jlurobovision/eng_ws/install/msg_interfaces:/opt/ros/humble LD_LIBRARY_PATH=/home/jlurobovision/eng_ws/install/msg_interfaces/lib:${LD_LIBRARY_PATH} PYTHONPATH=/home/jlurobovision/eng_ws/install/msg_interfaces/local/lib/python3.10/dist-packages:/home/jlurobovision/eng_ws/install/msg_interfaces/lib/python3.10/site-packages:${PYTHONPATH} /usr/bin/cmake --build /home/jlurobovision/eng_ws/build/exchangestation_detector -- -j12 -l12
[2.768s] [ 60%] [32mBuilding CXX object CMakeFiles/exchangestation_detector.dir/src/detector_node.cpp.o[0m
[2.768s] [ 60%] [32mBuilding CXX object CMakeFiles/detector_node.dir/rclcpp_components/node_main_detector_node.cpp.o[0m
[2.768s] [ 60%] [32mBuilding CXX object CMakeFiles/exchangestation_detector.dir/src/exchangestation_detector.cpp.o[0m
[3.097s] In file included from [01m[K/home/jlurobovision/eng_ws/src/exchangestation_detector/src/detector_node.cpp:15[m[K:
[3.097s] [01m[K/home/jlurobovision/eng_ws/src/exchangestation_detector/include/exchangestation_detector/detector_node.hpp:2:10:[m[K [01;31m[Kfatal error: [m[Kcv_bridge/cv_bridge.hpp: Ê≤°ÊúâÈÇ£‰∏™Êñá‰ª∂ÊàñÁõÆÂΩï
[3.097s]     2 | #include [01;31m[K<cv_bridge/cv_bridge.hpp>[m[K
[3.097s]       |          [01;31m[K^~~~~~~~~~~~~~~~~~~~~~~~~[m[K
[3.097s] compilation terminated.
[3.099s] gmake[2]: *** [CMakeFiles/exchangestation_detector.dir/build.make:76ÔºöCMakeFiles/exchangestation_detector.dir/src/detector_node.cpp.o] ÈîôËØØ 1
[3.099s] gmake[2]: *** Ê≠£Âú®Á≠âÂæÖÊú™ÂÆåÊàêÁöÑ‰ªªÂä°....
[4.043s] [01m[K/home/jlurobovision/eng_ws/src/exchangestation_detector/src/exchangestation_detector.cpp:[m[K In member function ‚Äò[01m[KPacket ExchangeStationDetector::solveAngle()[m[K‚Äô:
[4.043s] [01m[K/home/jlurobovision/eng_ws/src/exchangestation_detector/src/exchangestation_detector.cpp:117:12:[m[K [01;31m[Kerror: [m[K‚Äò[01m[Kstruct Packet[m[K‚Äô has no member named ‚Äò[01m[Kpitch[m[K‚Äô
[4.044s]   117 |     packet.[01;31m[Kpitch[m[K = eulerAngles[0];
[4.044s]       |            [01;31m[K^~~~~[m[K
[4.044s] [01m[K/home/jlurobovision/eng_ws/src/exchangestation_detector/src/exchangestation_detector.cpp:118:12:[m[K [01;31m[Kerror: [m[K‚Äò[01m[Kstruct Packet[m[K‚Äô has no member named ‚Äò[01m[Kyaw[m[K‚Äô
[4.044s]   118 |     packet.[01;31m[Kyaw[m[K = eulerAngles[1];
[4.044s]       |            [01;31m[K^~~[m[K
[4.044s] [01m[K/home/jlurobovision/eng_ws/src/exchangestation_detector/src/exchangestation_detector.cpp:119:12:[m[K [01;31m[Kerror: [m[K‚Äò[01m[Kstruct Packet[m[K‚Äô has no member named ‚Äò[01m[Kroll[m[K‚Äô
[4.045s]   119 |     packet.[01;31m[Kroll[m[K = eulerAngles[2];
[4.045s]       |            [01;31m[K^~~~[m[K
[4.061s] [01m[K/home/jlurobovision/eng_ws/src/exchangestation_detector/src/exchangestation_detector.cpp:[m[K In member function ‚Äò[01m[Kvoid ExchangeStationDetector::selectContours()[m[K‚Äô:
[4.061s] [01m[K/home/jlurobovision/eng_ws/src/exchangestation_detector/src/exchangestation_detector.cpp:133:12:[m[K [01;35m[Kwarning: [m[Kunused variable ‚Äò[01m[KminDis[m[K‚Äô [[01;35m[K]8;;https://gcc.gnu.org/onlinedocs/gcc/Warning-Options.html#index-Wunused-variable-Wunused-variable]8;;[m[K]
[4.062s]   133 |     double [01;35m[KminDis[m[K = 0, maxDis = 400; // Compare between contours
[4.062s]       |            [01;35m[K^~~~~~[m[K
[4.062s] [01m[K/home/jlurobovision/eng_ws/src/exchangestation_detector/src/exchangestation_detector.cpp:133:24:[m[K [01;35m[Kwarning: [m[Kunused variable ‚Äò[01m[KmaxDis[m[K‚Äô [[01;35m[K]8;;https://gcc.gnu.org/onlinedocs/gcc/Warning-Options.html#index-Wunused-variable-Wunused-variable]8;;[m[K]
[4.062s]   133 |     double minDis = 0, [01;35m[KmaxDis[m[K = 400; // Compare between contours
[4.062s]       |                        [01;35m[K^~~~~~[m[K
[4.335s] gmake[2]: *** [CMakeFiles/exchangestation_detector.dir/build.make:90ÔºöCMakeFiles/exchangestation_detector.dir/src/exchangestation_detector.cpp.o] ÈîôËØØ 1
[4.335s] gmake[1]: *** [CMakeFiles/Makefile2:139ÔºöCMakeFiles/exchangestation_detector.dir/all] ÈîôËØØ 2
[4.335s] gmake[1]: *** Ê≠£Âú®Á≠âÂæÖÊú™ÂÆåÊàêÁöÑ‰ªªÂä°....
[6.601s] [ 80%] [32m[1mLinking CXX executable detector_node[0m
[6.715s] [ 80%] Built target detector_node
[6.715s] gmake: *** [Makefile:146Ôºöall] ÈîôËØØ 2
[6.717s] Invoked command in '/home/jlurobovision/eng_ws/build/exchangestation_detector' returned '2': AMENT_PREFIX_PATH=/home/jlurobovision/eng_ws/install/msg_interfaces:${AMENT_PREFIX_PATH} CMAKE_PREFIX_PATH=/home/jlurobovision/eng_ws/install/msg_interfaces:/opt/ros/humble LD_LIBRARY_PATH=/home/jlurobovision/eng_ws/install/msg_interfaces/lib:${LD_LIBRARY_PATH} PYTHONPATH=/home/jlurobovision/eng_ws/install/msg_interfaces/local/lib/python3.10/dist-packages:/home/jlurobovision/eng_ws/install/msg_interfaces/lib/python3.10/site-packages:${PYTHONPATH} /usr/bin/cmake --build /home/jlurobovision/eng_ws/build/exchangestation_detector -- -j12 -l12
