[0.072s] Invoking command in '/home/stardust/eng_ws/build/exchangestation_detector': CMAKE_PREFIX_PATH=${CMAKE_PREFIX_PATH}:/opt/ros/humble /usr/bin/cmake /home/stardust/eng_ws/src/exchangestation_detector -DCMAKE_INSTALL_PREFIX=/home/stardust/eng_ws/install/exchangestation_detector
[0.162s] -- The C compiler identification is GNU 11.4.0
[0.245s] -- The CXX compiler identification is GNU 11.4.0
[0.257s] -- Detecting C compiler ABI info
[0.362s] -- Detecting C compiler ABI info - done
[0.369s] -- Check for working C compiler: /usr/bin/cc - skipped
[0.369s] -- Detecting C compile features
[0.370s] -- Detecting C compile features - done
[0.373s] -- Detecting CXX compiler ABI info
[0.469s] -- Detecting CXX compiler ABI info - done
[0.477s] -- Check for working CXX compiler: /usr/bin/c++ - skipped
[0.477s] -- Detecting CXX compile features
[0.477s] -- Detecting CXX compile features - done
[0.489s] -- Found ament_cmake: 1.3.7 (/opt/ros/humble/share/ament_cmake/cmake)
[0.676s] -- Found Python3: /usr/bin/python3.10 (found version "3.10.12") found components: Interpreter 
[0.793s] -- Found OpenCV: /usr/local (found version "4.9.0") 
[0.796s] -- Found ament_cmake_auto: 1.3.7 (/opt/ros/humble/share/ament_cmake_auto/cmake)
[0.801s] -- Found image_transport: 3.1.8 (/opt/ros/humble/share/image_transport/cmake)
[0.876s] -- Found rosidl_generator_c: 3.1.5 (/opt/ros/humble/share/rosidl_generator_c/cmake)
[0.884s] -- Found rosidl_adapter: 3.1.5 (/opt/ros/humble/share/rosidl_adapter/cmake)
[0.896s] -- Found rosidl_generator_cpp: 3.1.5 (/opt/ros/humble/share/rosidl_generator_cpp/cmake)
[0.915s] -- Using all available rosidl_typesupport_c: rosidl_typesupport_fastrtps_c;rosidl_typesupport_introspection_c
[0.939s] -- Using all available rosidl_typesupport_cpp: rosidl_typesupport_fastrtps_cpp;rosidl_typesupport_introspection_cpp
[1.025s] -- Found rmw_implementation_cmake: 6.1.1 (/opt/ros/humble/share/rmw_implementation_cmake/cmake)
[1.029s] -- Found rmw_fastrtps_cpp: 6.2.6 (/opt/ros/humble/share/rmw_fastrtps_cpp/cmake)
[1.167s] -- Found OpenSSL: /usr/lib/x86_64-linux-gnu/libcrypto.so (found version "3.0.2")  
[1.201s] -- Found FastRTPS: /opt/ros/humble/include  
[1.252s] -- Using RMW implementation 'rmw_fastrtps_cpp' as default
[1.268s] -- Looking for pthread.h
[1.361s] -- Looking for pthread.h - found
[1.361s] -- Performing Test CMAKE_HAVE_LIBC_PTHREAD
[1.449s] -- Performing Test CMAKE_HAVE_LIBC_PTHREAD - Success
[1.450s] -- Found Threads: TRUE  
[1.767s] -- Found cv_bridge: 3.2.1 (/opt/ros/humble/share/cv_bridge/cmake)
[1.775s] -- Found serial: 0.0.0 (/home/stardust/eng_ws/install/serial/share/serial/cmake)
[1.777s] -- Found msg_interfaces: 0.0.0 (/home/stardust/eng_ws/install/msg_interfaces/share/msg_interfaces/cmake)
[1.974s] -- Found ament_lint_auto: 0.12.10 (/opt/ros/humble/share/ament_lint_auto/cmake)
[2.006s] -- Added test 'copyright' to check source files copyright and LICENSE
[2.009s] -- Added test 'cppcheck' to perform static code analysis on C / C++ code
[2.009s] -- Configured cppcheck include dirs: $<BUILD_INTERFACE:/home/stardust/eng_ws/src/exchangestation_detector/include>
[2.009s] -- Configured cppcheck exclude dirs and/or files: 
[2.011s] -- Added test 'lint_cmake' to check CMake code style
[2.013s] -- Added test 'uncrustify' to check C / C++ code style
[2.013s] -- Configured uncrustify additional arguments: 
[2.015s] -- Added test 'xmllint' to check XML markup files
[2.021s] -- Configuring done
[2.041s] -- Generating done
[2.044s] -- Build files have been written to: /home/stardust/eng_ws/build/exchangestation_detector
[2.059s] Invoked command in '/home/stardust/eng_ws/build/exchangestation_detector' returned '0': CMAKE_PREFIX_PATH=${CMAKE_PREFIX_PATH}:/opt/ros/humble /usr/bin/cmake /home/stardust/eng_ws/src/exchangestation_detector -DCMAKE_INSTALL_PREFIX=/home/stardust/eng_ws/install/exchangestation_detector
[2.066s] Invoking command in '/home/stardust/eng_ws/build/exchangestation_detector': CMAKE_PREFIX_PATH=${CMAKE_PREFIX_PATH}:/opt/ros/humble /usr/bin/cmake --build /home/stardust/eng_ws/build/exchangestation_detector -- -j8 -l8
[2.141s] [ 66%] [32mBuilding CXX object CMakeFiles/exchangestation_detector.dir/src/detector_node.cpp.o[0m
[2.142s] [ 66%] [32mBuilding CXX object CMakeFiles/exchangestation_detector.dir/src/exchangestation_detector.cpp.o[0m
[3.075s] [01m[K/home/stardust/eng_ws/src/exchangestation_detector/src/exchangestation_detector.cpp:[m[K In member function â€˜[01m[Kvoid ExchangeStationDetector::selectContours()[m[Kâ€™:
[3.075s] [01m[K/home/stardust/eng_ws/src/exchangestation_detector/src/exchangestation_detector.cpp:168:25:[m[K [01;35m[Kwarning: [m[Kvariable â€˜[01m[Kcenter[m[Kâ€™ set but not used [[01;35m[K]8;;https://gcc.gnu.org/onlinedocs/gcc/Warning-Options.html#index-Wunused-but-set-variable-Wunused-but-set-variable]8;;[m[K]
[3.075s]   168 |             cv::Point2f [01;35m[Kcenter[m[K = boundary.center;
[3.075s]       |                         [01;35m[K^~~~~~[m[K
[3.078s] [01m[K/home/stardust/eng_ws/src/exchangestation_detector/src/exchangestation_detector.cpp:133:12:[m[K [01;35m[Kwarning: [m[Kunused variable â€˜[01m[KminDis[m[Kâ€™ [[01;35m[K]8;;https://gcc.gnu.org/onlinedocs/gcc/Warning-Options.html#index-Wunused-variable-Wunused-variable]8;;[m[K]
[3.078s]   133 |     double [01;35m[KminDis[m[K = 0, maxDis = 400; // Compare between contours
[3.078s]       |            [01;35m[K^~~~~~[m[K
[3.078s] [01m[K/home/stardust/eng_ws/src/exchangestation_detector/src/exchangestation_detector.cpp:133:24:[m[K [01;35m[Kwarning: [m[Kunused variable â€˜[01m[KmaxDis[m[Kâ€™ [[01;35m[K]8;;https://gcc.gnu.org/onlinedocs/gcc/Warning-Options.html#index-Wunused-variable-Wunused-variable]8;;[m[K]
[3.078s]   133 |     double minDis = 0, [01;35m[KmaxDis[m[K = 400; // Compare between contours
[3.078s]       |                        [01;35m[K^~~~~~[m[K
[5.086s] In file included from [01m[K/home/stardust/eng_ws/src/exchangestation_detector/src/detector_node.cpp:14[m[K:
[5.086s] [01m[K/home/stardust/eng_ws/src/exchangestation_detector/include/exchangestation_detector/detector_node.hpp:28:23:[m[K [01;31m[Kerror: [m[Kâ€˜[01m[Kmsg_interface[m[Kâ€™ was not declared in this scope; did you mean â€˜[01m[Kmsg_interfaces[m[Kâ€™?
[5.086s]    28 |     rclcpp::Publisher<[01;31m[Kmsg_interface[m[K::msg::Angle>::SharedPtr angle_pub;
[5.086s]       |                       [01;31m[K^~~~~~~~~~~~~[m[K
[5.087s]       |                       [32m[Kmsg_interfaces[m[K
[5.087s] [01m[K/home/stardust/eng_ws/src/exchangestation_detector/include/exchangestation_detector/detector_node.hpp:28:48:[m[K [01;31m[Kerror: [m[Ktemplate argument 1 is invalid
[5.087s]    28 |     rclcpp::Publisher<msg_interface::msg::Angle[01;31m[K>[m[K::SharedPtr angle_pub;
[5.087s]       |                                                [01;31m[K^[m[K
[5.087s] [01m[K/home/stardust/eng_ws/src/exchangestation_detector/include/exchangestation_detector/detector_node.hpp:28:51:[m[K [01;31m[Kerror: [m[Kexpected â€˜[01m[K;[m[Kâ€™ at end of member declaration
[5.087s]    28 |     rclcpp::Publisher<msg_interface::msg::Angle>::[01;31m[KSharedPtr[m[K angle_pub;
[5.087s]       |                                                   [01;31m[K^~~~~~~~~[m[K
[5.087s]       |                                                            [32m[K;[m[K
[5.089s] [01m[K/home/stardust/eng_ws/src/exchangestation_detector/include/exchangestation_detector/detector_node.hpp:28:61:[m[K [01;31m[Kerror: [m[Kâ€˜[01m[Kangle_pub[m[Kâ€™ does not name a type
[5.089s]    28 |     rclcpp::Publisher<msg_interface::msg::Angle>::SharedPtr [01;31m[Kangle_pub[m[K;
[5.089s]       |                                                             [01;31m[K^~~~~~~~~[m[K
[5.176s] [01m[K/home/stardust/eng_ws/src/exchangestation_detector/src/detector_node.cpp:[m[K In constructor â€˜[01m[Kexchangestation_detector_node::exchangestation_detector_node(const rclcpp::NodeOptions&)[m[Kâ€™:
[5.176s] [01m[K/home/stardust/eng_ws/src/exchangestation_detector/src/detector_node.cpp:25:5:[m[K [01;31m[Kerror: [m[Kâ€˜[01m[Kangle_pub[m[Kâ€™ was not declared in this scope
[5.176s]    25 |     [01;31m[Kangle_pub[m[K = this->create_publisher<msg_interfaces::msg::Angle>("angle", rclcpp::SensorDataQoS());
[5.176s]       |     [01;31m[K^~~~~~~~~[m[K
[5.183s] [01m[K/home/stardust/eng_ws/src/exchangestation_detector/src/detector_node.cpp:32:90:[m[K [01;31m[Kerror: [m[Kâ€˜[01m[KSensorDataQos[m[Kâ€™ is not a member of â€˜[01m[Krclcpp[m[Kâ€™; did you mean â€˜[01m[KSensorDataQoS[m[Kâ€™?
[5.183s]    32 |     image_sub = this->create_subscription<sensor_msgs::msg::Image>("/image_raw", rclcpp::[01;31m[KSensorDataQos[m[K(),
[5.183s]       |                                                                                          [01;31m[K^~~~~~~~~~~~~[m[K
[5.183s]       |                                                                                          [32m[KSensorDataQoS[m[K
[5.188s] [01m[K/home/stardust/eng_ws/src/exchangestation_detector/src/detector_node.cpp:[m[K At global scope:
[5.188s] [01m[K/home/stardust/eng_ws/src/exchangestation_detector/src/detector_node.cpp:34:6:[m[K [01;31m[Kerror: [m[Kexpected unqualified-id before â€˜[01m[K)[m[Kâ€™ token
[5.188s]    34 |     }[01;31m[K)[m[K;
[5.188s]       |      [01;31m[K^[m[K
[5.188s] [01m[K/home/stardust/eng_ws/src/exchangestation_detector/src/detector_node.cpp:35:1:[m[K [01;31m[Kerror: [m[Kexpected declaration before â€˜[01m[K}[m[Kâ€™ token
[5.188s]    35 | [01;31m[K}[m[K
[5.189s]       | [01;31m[K^[m[K
[5.189s] [01m[K/home/stardust/eng_ws/src/exchangestation_detector/src/detector_node.cpp:41:25:[m[K [01;31m[Kerror: [m[Kno declaration matches â€˜[01m[KExchangeStationDetector exchangestation_detector_node::initDetector()[m[Kâ€™
[5.189s]    41 | ExchangeStationDetector [01;31m[Kexchangestation_detector_node[m[K::initDetector() {
[5.189s]       |                         [01;31m[K^~~~~~~~~~~~~~~~~~~~~~~~~~~~~[m[K
[5.189s] In file included from [01m[K/home/stardust/eng_ws/src/exchangestation_detector/src/detector_node.cpp:14[m[K:
[5.189s] [01m[K/home/stardust/eng_ws/src/exchangestation_detector/include/exchangestation_detector/detector_node.hpp:22:46:[m[K [01;36m[Knote: [m[Kcandidate is: â€˜[01m[Kstd::unique_ptr<ExchangeStationDetector> exchangestation_detector_node::initDetector()[m[Kâ€™
[5.189s]    22 |     std::unique_ptr<ExchangeStationDetector> [01;36m[KinitDetector[m[K();
[5.189s]       |                                              [01;36m[K^~~~~~~~~~~~[m[K
[5.189s] [01m[K/home/stardust/eng_ws/src/exchangestation_detector/include/exchangestation_detector/detector_node.hpp:14:7:[m[K [01;36m[Knote: [m[Kâ€˜[01m[Kclass exchangestation_detector_node[m[Kâ€™ defined here
[5.189s]    14 | class [01;36m[Kexchangestation_detector_node[m[K : public rclcpp::Node {
[5.189s]       |       [01;36m[K^~~~~~~~~~~~~~~~~~~~~~~~~~~~~[m[K
[5.189s] [01m[K/home/stardust/eng_ws/src/exchangestation_detector/src/detector_node.cpp:61:6:[m[K [01;31m[Kerror: [m[Kno declaration matches â€˜[01m[Kvoid ExchangeStationDetector::imageCallback(const SharedPtr&)[m[Kâ€™
[5.189s]    61 | void [01;31m[KExchangeStationDetector[m[K::imageCallback(const sensor_msgs::msg::Image::SharedPtr & msg) {
[5.189s]       |      [01;31m[K^~~~~~~~~~~~~~~~~~~~~~~[m[K
[5.190s] [01m[K/home/stardust/eng_ws/src/exchangestation_detector/src/detector_node.cpp:61:6:[m[K [01;36m[Knote: [m[Kno functions named â€˜[01m[Kvoid ExchangeStationDetector::imageCallback(const SharedPtr&)[m[Kâ€™
[5.190s] In file included from [01m[K/home/stardust/eng_ws/src/exchangestation_detector/include/exchangestation_detector/detector_node.hpp:12[m[K,
[5.190s]                  from [01m[K/home/stardust/eng_ws/src/exchangestation_detector/src/detector_node.cpp:14[m[K:
[5.190s] [01m[K/home/stardust/eng_ws/src/exchangestation_detector/include/exchangestation_detector/exchangestation_detector.hpp:19:7:[m[K [01;36m[Knote: [m[Kâ€˜[01m[Kclass ExchangeStationDetector[m[Kâ€™ defined here
[5.190s]    19 | class [01;36m[KExchangeStationDetector[m[K {
[5.190s]       |       [01;36m[K^~~~~~~~~~~~~~~~~~~~~~~[m[K
[7.509s] gmake[2]: *** [CMakeFiles/exchangestation_detector.dir/build.make:90ï¼šCMakeFiles/exchangestation_detector.dir/src/detector_node.cpp.o] é”™è¯¯ 1
[7.509s] gmake[1]: *** [CMakeFiles/Makefile2:137ï¼šCMakeFiles/exchangestation_detector.dir/all] é”™è¯¯ 2
[7.509s] gmake: *** [Makefile:146ï¼šall] é”™è¯¯ 2
[7.513s] Invoked command in '/home/stardust/eng_ws/build/exchangestation_detector' returned '2': CMAKE_PREFIX_PATH=${CMAKE_PREFIX_PATH}:/opt/ros/humble /usr/bin/cmake --build /home/stardust/eng_ws/build/exchangestation_detector -- -j8 -l8
