[35m[1mConsolidate compiler generated dependencies of target camera_calibration[0m
[ 50%] [32mBuilding CXX object CMakeFiles/camera_calibration.dir/src/camera_calibration.cpp.o[0m
[01m[K/home/jlurobovision/eng_ws/src/camera_calibration/src/camera_calibration.cpp:[m[K In lambda function:
[01m[K/home/jlurobovision/eng_ws/src/camera_calibration/src/camera_calibration.cpp:43:9:[m[K [01;31m[Kerror: [m[Kâ€˜[01m[Kcamera_info[m[Kâ€™ was not declared in this scope; did you mean â€˜[01m[Kcamera_info_sub[m[Kâ€™?
   43 |         [01;31m[Kcamera_info[m[K = msg;
      |         [01;31m[K^~~~~~~~~~~[m[K
      |         [32m[Kcamera_info_sub[m[K
gmake[2]: *** [CMakeFiles/camera_calibration.dir/build.make:76ï¼šCMakeFiles/camera_calibration.dir/src/camera_calibration.cpp.o] é”™è¯¯ 1
gmake[1]: *** [CMakeFiles/Makefile2:137ï¼šCMakeFiles/camera_calibration.dir/all] é”™è¯¯ 2
gmake: *** [Makefile:146ï¼šall] é”™è¯¯ 2
