[0.012s] Invoking command in '/home/jlurobovision/eng_ws/build/camera_calibration': CMAKE_PREFIX_PATH=${CMAKE_PREFIX_PATH}:/opt/ros/humble /usr/bin/cmake --build /home/jlurobovision/eng_ws/build/camera_calibration -- -j12 -l12
[0.064s] [35m[1mConsolidate compiler generated dependencies of target camera_calibration[0m
[0.111s] [ 50%] [32mBuilding CXX object CMakeFiles/camera_calibration.dir/src/camera_calibration.cpp.o[0m
[4.968s] [01m[K/home/jlurobovision/eng_ws/src/camera_calibration/src/camera_calibration.cpp:[m[K In lambda function:
[4.968s] [01m[K/home/jlurobovision/eng_ws/src/camera_calibration/src/camera_calibration.cpp:43:9:[m[K [01;31m[Kerror: [m[Kâ€˜[01m[Kcamera_info[m[Kâ€™ was not declared in this scope; did you mean â€˜[01m[Kcamera_info_sub[m[Kâ€™?
[4.968s]    43 |         [01;31m[Kcamera_info[m[K = msg;
[4.968s]       |         [01;31m[K^~~~~~~~~~~[m[K
[4.968s]       |         [32m[Kcamera_info_sub[m[K
[10.211s] gmake[2]: *** [CMakeFiles/camera_calibration.dir/build.make:76ï¼šCMakeFiles/camera_calibration.dir/src/camera_calibration.cpp.o] é”™è¯¯ 1
[10.211s] gmake[1]: *** [CMakeFiles/Makefile2:137ï¼šCMakeFiles/camera_calibration.dir/all] é”™è¯¯ 2
[10.211s] gmake: *** [Makefile:146ï¼šall] é”™è¯¯ 2
[10.213s] Invoked command in '/home/jlurobovision/eng_ws/build/camera_calibration' returned '2': CMAKE_PREFIX_PATH=${CMAKE_PREFIX_PATH}:/opt/ros/humble /usr/bin/cmake --build /home/jlurobovision/eng_ws/build/camera_calibration -- -j12 -l12
