[0.019s] Invoking command in '/home/jlurobovision/eng_ws/build/camera_calibration': CMAKE_PREFIX_PATH=${CMAKE_PREFIX_PATH}:/opt/ros/humble /usr/bin/cmake /home/jlurobovision/eng_ws/src/camera_calibration -DCMAKE_INSTALL_PREFIX=/home/jlurobovision/eng_ws/install/camera_calibration
[0.147s] -- The C compiler identification is GNU 11.4.0
[0.321s] -- The CXX compiler identification is GNU 11.4.0
[0.348s] -- Detecting C compiler ABI info
[0.519s] -- Detecting C compiler ABI info - done
[0.533s] -- Check for working C compiler: /usr/bin/cc - skipped
[0.534s] -- Detecting C compile features
[0.535s] -- Detecting C compile features - done
[0.543s] -- Detecting CXX compiler ABI info
[0.661s] -- Detecting CXX compiler ABI info - done
[0.681s] -- Check for working CXX compiler: /usr/bin/c++ - skipped
[0.681s] -- Detecting CXX compile features
[0.682s] -- Detecting CXX compile features - done
[0.688s] -- Found ament_cmake: 1.3.8 (/opt/ros/humble/share/ament_cmake/cmake)
[1.232s] -- Found Python3: /usr/bin/python3 (found version "3.10.12") found components: Interpreter 
[1.513s] -- Found ament_cmake_auto: 1.3.8 (/opt/ros/humble/share/ament_cmake_auto/cmake)
[1.523s] -- Found rclcpp: 16.0.8 (/opt/ros/humble/share/rclcpp/cmake)
[1.629s] -- Found rosidl_generator_c: 3.1.5 (/opt/ros/humble/share/rosidl_generator_c/cmake)
[1.637s] -- Found rosidl_adapter: 3.1.5 (/opt/ros/humble/share/rosidl_adapter/cmake)
[1.656s] -- Found rosidl_generator_cpp: 3.1.5 (/opt/ros/humble/share/rosidl_generator_cpp/cmake)
[1.681s] -- Using all available rosidl_typesupport_c: rosidl_typesupport_fastrtps_c;rosidl_typesupport_introspection_c
[1.707s] -- Using all available rosidl_typesupport_cpp: rosidl_typesupport_fastrtps_cpp;rosidl_typesupport_introspection_cpp
[1.795s] -- Found rmw_implementation_cmake: 6.1.1 (/opt/ros/humble/share/rmw_implementation_cmake/cmake)
[1.797s] -- Found rmw_fastrtps_cpp: 6.2.6 (/opt/ros/humble/share/rmw_fastrtps_cpp/cmake)
[1.920s] -- Found OpenSSL: /usr/lib/x86_64-linux-gnu/libcrypto.so (found version "3.0.2")  
[2.013s] -- Found FastRTPS: /opt/ros/humble/include  
[2.153s] -- Using RMW implementation 'rmw_fastrtps_cpp' as default
[2.178s] -- Looking for pthread.h
[2.302s] -- Looking for pthread.h - found
[2.302s] -- Performing Test CMAKE_HAVE_LIBC_PTHREAD
[2.405s] -- Performing Test CMAKE_HAVE_LIBC_PTHREAD - Success
[2.407s] -- Found Threads: TRUE  
[2.631s] -- Found sensor_msgs: 4.2.3 (/opt/ros/humble/share/sensor_msgs/cmake)
[2.875s] -- Found cv_bridge: 3.2.1 (/opt/ros/humble/share/cv_bridge/cmake)
[2.910s] [33mCMake Warning at CMakeLists.txt:17 (find_package):
[2.910s]   By not providing "FindOpenCV_REQUIRED.cmake" in CMAKE_MODULE_PATH this
[2.910s]   project has asked CMake to find a package configuration file provided by
[2.910s]   "OpenCV_REQUIRED", but CMake did not find one.
[2.910s] 
[2.910s]   Could not find a package configuration file provided by "OpenCV_REQUIRED"
[2.910s]   with any of the following names:
[2.910s] 
[2.911s]     OpenCV_REQUIREDConfig.cmake
[2.911s]     opencv_required-config.cmake
[2.911s] 
[2.911s]   Add the installation prefix of "OpenCV_REQUIRED" to CMAKE_PREFIX_PATH or
[2.911s]   set "OpenCV_REQUIRED_DIR" to a directory containing one of the above files.
[2.911s]   If "OpenCV_REQUIRED" provides a separate development package or SDK, be
[2.911s]   sure it has been installed.
[2.911s] 
[2.911s] [0m
[3.065s] -- Found ament_lint_auto: 0.12.10 (/opt/ros/humble/share/ament_lint_auto/cmake)
[3.086s] -- Added test 'cppcheck' to perform static code analysis on C / C++ code
[3.087s] -- Configured cppcheck include dirs: 
[3.087s] -- Configured cppcheck exclude dirs and/or files: 
[3.087s] -- Added test 'lint_cmake' to check CMake code style
[3.089s] -- Added test 'uncrustify' to check C / C++ code style
[3.089s] -- Configured uncrustify additional arguments: 
[3.090s] -- Added test 'xmllint' to check XML markup files
[3.092s] -- Configuring done
[3.104s] -- Generating done
[3.105s] -- Build files have been written to: /home/jlurobovision/eng_ws/build/camera_calibration
[3.117s] Invoked command in '/home/jlurobovision/eng_ws/build/camera_calibration' returned '0': CMAKE_PREFIX_PATH=${CMAKE_PREFIX_PATH}:/opt/ros/humble /usr/bin/cmake /home/jlurobovision/eng_ws/src/camera_calibration -DCMAKE_INSTALL_PREFIX=/home/jlurobovision/eng_ws/install/camera_calibration
[3.119s] Invoking command in '/home/jlurobovision/eng_ws/build/camera_calibration': CMAKE_PREFIX_PATH=${CMAKE_PREFIX_PATH}:/opt/ros/humble /usr/bin/cmake --build /home/jlurobovision/eng_ws/build/camera_calibration -- -j12 -l12
[3.183s] [ 50%] [32mBuilding CXX object CMakeFiles/camera_calibration.dir/src/camera_calibration.cpp.o[0m
[7.425s] [01m[K/home/jlurobovision/eng_ws/src/camera_calibration/src/camera_calibration.cpp:[m[K In function â€˜[01m[Kint main(int, char**)[m[Kâ€™:
[7.426s] [01m[K/home/jlurobovision/eng_ws/src/camera_calibration/src/camera_calibration.cpp:41:28:[m[K [01;31m[Kerror: [m[Kinvalid use of â€˜[01m[Kthis[m[Kâ€™ in non-member function
[7.426s]    41 |     auto camera_info_sub = [01;31m[Kthis[m[K->create_subscription<sensor_msgs::msg::CameraInfo>("camera_info", 10, [this](const sensor_msgs::msg::CameraInfo::SharedPtr msg) {
[7.426s]       |                            [01;31m[K^~~~[m[K
[7.430s] [01m[K/home/jlurobovision/eng_ws/src/camera_calibration/src/camera_calibration.cpp:41:72:[m[K [01;31m[Kerror: [m[Kâ€˜[01m[KCameraInfo[m[Kâ€™ is not a member of â€˜[01m[Ksensor_msgs::msg[m[Kâ€™
[7.430s]    41 |     auto camera_info_sub = this->create_subscription<sensor_msgs::msg::[01;31m[KCameraInfo[m[K>("camera_info", 10, [this](const sensor_msgs::msg::CameraInfo::SharedPtr msg) {
[7.430s]       |                                                                        [01;31m[K^~~~~~~~~~[m[K
[7.430s] [01m[K/home/jlurobovision/eng_ws/src/camera_calibration/src/camera_calibration.cpp:41:84:[m[K [01;35m[Kwarning: [m[Kleft operand of comma operator has no effect [[01;35m[K]8;;https://gcc.gnu.org/onlinedocs/gcc/Warning-Options.html#index-Wunused-value-Wunused-value]8;;[m[K]
[7.430s]    41 |     auto camera_info_sub = this->create_subscription<sensor_msgs::msg::CameraInfo>([01;35m[K"camera_info"[m[K, 10, [this](const sensor_msgs::msg::CameraInfo::SharedPtr msg) {
[7.430s]       |                                                                                    [01;35m[K^~~~~~~~~~~~~[m[K
[7.431s] [01m[K/home/jlurobovision/eng_ws/src/camera_calibration/src/camera_calibration.cpp:41:104:[m[K [01;31m[Kerror: [m[Kinvalid use of â€˜[01m[Kthis[m[Kâ€™ in non-member function
[7.431s]    41 |     auto camera_info_sub = this->create_subscription<sensor_msgs::msg::CameraInfo>("camera_info", 10, [[01;31m[Kthis[m[K](const sensor_msgs::msg::CameraInfo::SharedPtr msg) {
[7.431s]       |                                                                                                        [01;31m[K^~~~[m[K
[7.431s] [01m[K/home/jlurobovision/eng_ws/src/camera_calibration/src/camera_calibration.cpp:41:134:[m[K [01;31m[Kerror: [m[Kâ€˜[01m[KCameraInfo[m[Kâ€™ in namespace â€˜[01m[Ksensor_msgs::msg[m[Kâ€™ does not name a type
[7.431s]    41 |     auto camera_info_sub = this->create_subscription<sensor_msgs::msg::CameraInfo>("camera_info", 10, [this](const sensor_msgs::msg::[01;31m[KCameraInfo[m[K::SharedPtr msg) {
[7.431s]       |                                                                                                                                      [01;31m[K^~~~~~~~~~[m[K
[7.431s] [01m[K/home/jlurobovision/eng_ws/src/camera_calibration/src/camera_calibration.cpp:[m[K In lambda function:
[7.431s] [01m[K/home/jlurobovision/eng_ws/src/camera_calibration/src/camera_calibration.cpp:44:7:[m[K [01;31m[Kerror: [m[Kexpected â€˜[01m[K{[m[Kâ€™ before â€˜[01m[K;[m[Kâ€™ token
[7.431s]    44 |     })[01;31m[K;[m[K
[7.431s]       |       [01;31m[K^[m[K
[7.432s] [01m[K/home/jlurobovision/eng_ws/src/camera_calibration/src/camera_calibration.cpp:[m[K In function â€˜[01m[Kint main(int, char**)[m[Kâ€™:
[7.432s] [01m[K/home/jlurobovision/eng_ws/src/camera_calibration/src/camera_calibration.cpp:44:7:[m[K [01;35m[Kwarning: [m[Kright operand of comma operator has no effect [[01;35m[K]8;;https://gcc.gnu.org/onlinedocs/gcc/Warning-Options.html#index-Wunused-value-Wunused-value]8;;[m[K]
[7.432s] [01m[K/home/jlurobovision/eng_ws/src/camera_calibration/src/camera_calibration.cpp:44:7:[m[K [01;31m[Kerror: [m[Kexpected â€˜[01m[K)[m[Kâ€™ before â€˜[01m[K;[m[Kâ€™ token
[7.432s]    44 |     })[01;31m[K;[m[K
[7.432s]       |       [01;31m[K^[m[K
[7.432s]       |       [32m[K)[m[K
[7.432s] [01m[K/home/jlurobovision/eng_ws/src/camera_calibration/src/camera_calibration.cpp:41:83:[m[K [01;36m[Knote: [m[Kto match this â€˜[01m[K([m[Kâ€™
[7.432s]    41 |     auto camera_info_sub = this->create_subscription<sensor_msgs::msg::CameraInfo>[01;36m[K([m[K"camera_info", 10, [this](const sensor_msgs::msg::CameraInfo::SharedPtr msg) {
[7.432s]       |                                                                                   [01;36m[K^[m[K
[10.933s] gmake[2]: *** [CMakeFiles/camera_calibration.dir/build.make:76ï¼šCMakeFiles/camera_calibration.dir/src/camera_calibration.cpp.o] é”™è¯¯ 1
[10.933s] gmake[1]: *** [CMakeFiles/Makefile2:137ï¼šCMakeFiles/camera_calibration.dir/all] é”™è¯¯ 2
[10.933s] gmake: *** [Makefile:146ï¼šall] é”™è¯¯ 2
[10.935s] Invoked command in '/home/jlurobovision/eng_ws/build/camera_calibration' returned '2': CMAKE_PREFIX_PATH=${CMAKE_PREFIX_PATH}:/opt/ros/humble /usr/bin/cmake --build /home/jlurobovision/eng_ws/build/camera_calibration -- -j12 -l12
