[35m[1mConsolidate compiler generated dependencies of target exchangestation_detector[0m
[35m[1mConsolidate compiler generated dependencies of target detector_node[0m
[ 20%] [32mBuilding CXX object CMakeFiles/exchangestation_detector.dir/src/detector_node.cpp.o[0m
[ 60%] Built target detector_node
[01m[K/home/jlurobovision/eng_ws/src/exchangestation_detector/src/detector_node.cpp:72:10:[m[K [01;31m[Kfatal error: [m[Krclcpp_components/register_node_macro.cpp: æ²¡æœ‰é‚£ä¸ªæ–‡ä»¶æˆ–ç›®å½•
   72 | #include [01;31m[K"rclcpp_components/register_node_macro.cpp"[m[K
      |          [01;31m[K^~~~~~~~~~~~~~~~~~~~~~~~~~~~~~~~~~~~~~~~~~~[m[K
compilation terminated.
gmake[2]: *** [CMakeFiles/exchangestation_detector.dir/build.make:76ï¼šCMakeFiles/exchangestation_detector.dir/src/detector_node.cpp.o] é”™è¯¯ 1
gmake[1]: *** [CMakeFiles/Makefile2:139ï¼šCMakeFiles/exchangestation_detector.dir/all] é”™è¯¯ 2
gmake: *** [Makefile:146ï¼šall] é”™è¯¯ 2
