[35m[1mConsolidate compiler generated dependencies of target serial[0m
[35m[1mConsolidate compiler generated dependencies of target serial_node[0m
[ 12%] [32mBuilding CXX object CMakeFiles/serial_node.dir/src/serial.cpp.o[0m
[ 25%] [32mBuilding CXX object CMakeFiles/serial.dir/src/serial.cpp.o[0m
[01m[K/home/jlurobovision/eng_ws/src/serial/src/serial.cpp:[m[K In member function ‘[01m[Kstd::vector<serialport::Device> serialport::SerialPort::listPorts()[m[K’:
[01m[K/home/jlurobovision/eng_ws/src/serial/src/serial.cpp:187:38:[m[K [01;31m[Kerror: [m[K‘[01m[KsymbolicToReal[m[K’ was not declared in this scope
  187 |                     auto real_path = [01;31m[KsymbolicToReal[m[K(tty_dir_path);
      |                                      [01;31m[K^~~~~~~~~~~~~~[m[K
[01m[K/home/jlurobovision/eng_ws/src/serial/src/serial.cpp:191:57:[m[K [01;31m[Kerror: [m[K‘[01m[KgetParent[m[K’ was not declared in this scope
  191 |                         info_path = getParent(getParent([01;31m[KgetParent[m[K(real_path)));
      |                                                         [01;31m[K^~~~~~~~~[m[K
[01m[K/home/jlurobovision/eng_ws/src/serial/src/serial.cpp:191:47:[m[K [01;31m[Kerror: [m[K‘[01m[KgetParent[m[K’ was not declared in this scope
  191 |                         info_path = getParent([01;31m[KgetParent[m[K(getParent(real_path)));
      |                                               [01;31m[K^~~~~~~~~[m[K
[01m[K/home/jlurobovision/eng_ws/src/serial/src/serial.cpp:191:37:[m[K [01;31m[Kerror: [m[K‘[01m[KgetParent[m[K’ was not declared in this scope
  191 |                         info_path = [01;31m[KgetParent[m[K(getParent(getParent(real_path)));
      |                                     [01;31m[K^~~~~~~~~[m[K
[01m[K/home/jlurobovision/eng_ws/src/serial/src/serial.cpp:193:67:[m[K [01;31m[Kerror: [m[K‘[01m[KgetParent[m[K’ was not declared in this scope
  193 |                         info_path = getParent(getParent(getParent([01;31m[KgetParent[m[K(real_path))));
      |                                                                   [01;31m[K^~~~~~~~~[m[K
[01m[K/home/jlurobovision/eng_ws/src/serial/src/serial.cpp:193:57:[m[K [01;31m[Kerror: [m[K‘[01m[KgetParent[m[K’ was not declared in this scope
  193 |                         info_path = getParent(getParent([01;31m[KgetParent[m[K(getParent(real_path))));
      |                                                         [01;31m[K^~~~~~~~~[m[K
[01m[K/home/jlurobovision/eng_ws/src/serial/src/serial.cpp:[m[K In member function ‘[01m[Kstd::vector<serialport::Device> serialport::SerialPort::listPorts()[m[K’:
[01m[K/home/jlurobovision/eng_ws/src/serial/src/serial.cpp:187:38:[m[K [01;31m[Kerror: [m[K‘[01m[KsymbolicToReal[m[K’ was not declared in this scope
  187 |                     auto real_path = [01;31m[KsymbolicToReal[m[K(tty_dir_path);
      |                                      [01;31m[K^~~~~~~~~~~~~~[m[K
[01m[K/home/jlurobovision/eng_ws/src/serial/src/serial.cpp:193:47:[m[K [01;31m[Kerror: [m[K‘[01m[KgetParent[m[K’ was not declared in this scope
  193 |                         info_path = getParent([01;31m[KgetParent[m[K(getParent(getParent(real_path))));
      |                                               [01;31m[K^~~~~~~~~[m[K
[01m[K/home/jlurobovision/eng_ws/src/serial/src/serial.cpp:191:57:[m[K [01;31m[Kerror: [m[K‘[01m[KgetParent[m[K’ was not declared in this scope
  191 |                         info_path = getParent(getParent([01;31m[KgetParent[m[K(real_path)));
      |                                                         [01;31m[K^~~~~~~~~[m[K
[01m[K/home/jlurobovision/eng_ws/src/serial/src/serial.cpp:193:37:[m[K [01;31m[Kerror: [m[K‘[01m[KgetParent[m[K’ was not declared in this scope
  193 |                         info_path = [01;31m[KgetParent[m[K(getParent(getParent(getParent(real_path))));
      |                                     [01;31m[K^~~~~~~~~[m[K
[01m[K/home/jlurobovision/eng_ws/src/serial/src/serial.cpp:191:47:[m[K [01;31m[Kerror: [m[K‘[01m[KgetParent[m[K’ was not declared in this scope
  191 |                         info_path = getParent([01;31m[KgetParent[m[K(getParent(real_path)));
      |                                               [01;31m[K^~~~~~~~~[m[K
[01m[K/home/jlurobovision/eng_ws/src/serial/src/serial.cpp:[m[K In member function ‘[01m[Kserialport::Device serialport::SerialPort::getDeviceInfo(std::string)[m[K’:
[01m[K/home/jlurobovision/eng_ws/src/serial/src/serial.cpp:215:22:[m[K [01;31m[Kerror: [m[K‘[01m[KreadLines[m[K’ was not declared in this scope; did you mean ‘[01m[Kreadlink[m[K’?
  215 |         auto texts = [01;31m[KreadLines[m[K(uevent_path);
      |                      [01;31m[K^~~~~~~~~[m[K
      |                      [32m[Kreadlink[m[K
[01m[K/home/jlurobovision/eng_ws/src/serial/src/serial.cpp:191:37:[m[K [01;31m[Kerror: [m[K‘[01m[KgetParent[m[K’ was not declared in this scope
  191 |                         info_path = [01;31m[KgetParent[m[K(getParent(getParent(real_path)));
      |                                     [01;31m[K^~~~~~~~~[m[K
[01m[K/home/jlurobovision/eng_ws/src/serial/src/serial.cpp:193:67:[m[K [01;31m[Kerror: [m[K‘[01m[KgetParent[m[K’ was not declared in this scope
  193 |                         info_path = getParent(getParent(getParent([01;31m[KgetParent[m[K(real_path))));
      |                                                                   [01;31m[K^~~~~~~~~[m[K
[01m[K/home/jlurobovision/eng_ws/src/serial/src/serial.cpp:193:57:[m[K [01;31m[Kerror: [m[K‘[01m[KgetParent[m[K’ was not declared in this scope
  193 |                         info_path = getParent(getParent([01;31m[KgetParent[m[K(getParent(real_path))));
      |                                                         [01;31m[K^~~~~~~~~[m[K
[01m[K/home/jlurobovision/eng_ws/src/serial/src/serial.cpp:193:47:[m[K [01;31m[Kerror: [m[K‘[01m[KgetParent[m[K’ was not declared in this scope
  193 |                         info_path = getParent([01;31m[KgetParent[m[K(getParent(getParent(real_path))));
      |                                               [01;31m[K^~~~~~~~~[m[K
[01m[K/home/jlurobovision/eng_ws/src/serial/src/serial.cpp:193:37:[m[K [01;31m[Kerror: [m[K‘[01m[KgetParent[m[K’ was not declared in this scope
  193 |                         info_path = [01;31m[KgetParent[m[K(getParent(getParent(getParent(real_path))));
      |                                     [01;31m[K^~~~~~~~~[m[K
[01m[K/home/jlurobovision/eng_ws/src/serial/src/serial.cpp:[m[K In member function ‘[01m[Kserialport::Device serialport::SerialPort::getDeviceInfo(std::string)[m[K’:
[01m[K/home/jlurobovision/eng_ws/src/serial/src/serial.cpp:215:22:[m[K [01;31m[Kerror: [m[K‘[01m[KreadLines[m[K’ was not declared in this scope; did you mean ‘[01m[Kreadlink[m[K’?
  215 |         auto texts = [01;31m[KreadLines[m[K(uevent_path);
      |                      [01;31m[K^~~~~~~~~[m[K
      |                      [32m[Kreadlink[m[K
gmake[2]: *** [CMakeFiles/serial_node.dir/build.make:90：CMakeFiles/serial_node.dir/src/serial.cpp.o] 错误 1
gmake[1]: *** [CMakeFiles/Makefile2:165：CMakeFiles/serial_node.dir/all] 错误 2
gmake[1]: *** 正在等待未完成的任务....
gmake[2]: *** [CMakeFiles/serial.dir/build.make:90：CMakeFiles/serial.dir/src/serial.cpp.o] 错误 1
gmake[1]: *** [CMakeFiles/Makefile2:139：CMakeFiles/serial.dir/all] 错误 2
gmake: *** [Makefile:146：all] 错误 2
