-- Found ament_cmake: 1.3.7 (/opt/ros/humble/share/ament_cmake/cmake)
-- Found ament_cmake_auto: 1.3.7 (/opt/ros/humble/share/ament_cmake_auto/cmake)
-- Found image_transport: 3.1.8 (/opt/ros/humble/share/image_transport/cmake)
-- Found rosidl_generator_c: 3.1.5 (/opt/ros/humble/share/rosidl_generator_c/cmake)
-- Found rosidl_adapter: 3.1.5 (/opt/ros/humble/share/rosidl_adapter/cmake)
-- Found rosidl_generator_cpp: 3.1.5 (/opt/ros/humble/share/rosidl_generator_cpp/cmake)
-- Using all available rosidl_typesupport_c: rosidl_typesupport_fastrtps_c;rosidl_typesupport_introspection_c
-- Using all available rosidl_typesupport_cpp: rosidl_typesupport_fastrtps_cpp;rosidl_typesupport_introspection_cpp
-- Found rmw_implementation_cmake: 6.1.1 (/opt/ros/humble/share/rmw_implementation_cmake/cmake)
-- Found rmw_fastrtps_cpp: 6.2.6 (/opt/ros/humble/share/rmw_fastrtps_cpp/cmake)
-- Using RMW implementation 'rmw_fastrtps_cpp' as default
-- Found cv_bridge: 3.2.1 (/opt/ros/humble/share/cv_bridge/cmake)
-- Found serial: 0.0.0 (/home/stardust/eng_ws/install/serial/share/serial/cmake)
-- Found ament_lint_auto: 0.12.10 (/opt/ros/humble/share/ament_lint_auto/cmake)
-- Added test 'copyright' to check source files copyright and LICENSE
-- Added test 'cppcheck' to perform static code analysis on C / C++ code
-- Configured cppcheck include dirs: $<BUILD_INTERFACE:/home/stardust/eng_ws/src/exchangestation_detector/include>
-- Configured cppcheck exclude dirs and/or files: 
-- Added test 'lint_cmake' to check CMake code style
-- Added test 'uncrustify' to check C / C++ code style
-- Configured uncrustify additional arguments: 
-- Added test 'xmllint' to check XML markup files
-- Configuring done
-- Generating done
-- Build files have been written to: /home/stardust/eng_ws/build/exchangestation_detector
[ 66%] [32mBuilding CXX object CMakeFiles/exchangestation_detector.dir/src/exchangestation_detector.cpp.o[0m
[ 66%] [32mBuilding CXX object CMakeFiles/exchangestation_detector.dir/src/detector_node.cpp.o[0m
In file included from [01m[K/home/stardust/eng_ws/src/exchangestation_detector/src/exchangestation_detector.cpp:1[m[K:
[01m[K/home/stardust/eng_ws/src/exchangestation_detector/include/exchangestation_detector/exchangestation_detector.hpp:16:10:[m[K [01;31m[Kfatal error: [m[Kserial/packet.hpp: æ²¡æœ‰é‚£ä¸ªæ–‡ä»¶æˆ–ç›®å½•
   16 | #include [01;31m[K"serial/packet.hpp"[m[K
      |          [01;31m[K^~~~~~~~~~~~~~~~~~~[m[K
compilation terminated.
gmake[2]: *** [CMakeFiles/exchangestation_detector.dir/build.make:76ï¼šCMakeFiles/exchangestation_detector.dir/src/exchangestation_detector.cpp.o] é”™è¯¯ 1
gmake[2]: *** æ­£åœ¨ç­‰å¾…æœªå®Œæˆçš„ä»»åŠ¡....
In file included from [01m[K/home/stardust/eng_ws/src/exchangestation_detector/include/exchangestation_detector/detector_node.hpp:12[m[K,
                 from [01m[K/home/stardust/eng_ws/src/exchangestation_detector/src/detector_node.cpp:14[m[K:
[01m[K/home/stardust/eng_ws/src/exchangestation_detector/include/exchangestation_detector/exchangestation_detector.hpp:16:10:[m[K [01;31m[Kfatal error: [m[Kserial/packet.hpp: æ²¡æœ‰é‚£ä¸ªæ–‡ä»¶æˆ–ç›®å½•
   16 | #include [01;31m[K"serial/packet.hpp"[m[K
      |          [01;31m[K^~~~~~~~~~~~~~~~~~~[m[K
compilation terminated.
gmake[2]: *** [CMakeFiles/exchangestation_detector.dir/build.make:90ï¼šCMakeFiles/exchangestation_detector.dir/src/detector_node.cpp.o] é”™è¯¯ 1
gmake[1]: *** [CMakeFiles/Makefile2:137ï¼šCMakeFiles/exchangestation_detector.dir/all] é”™è¯¯ 2
gmake: *** [Makefile:146ï¼šall] é”™è¯¯ 2
