[0.017s] Invoking command in '/home/jlurobovision/eng_ws/build/serial': CMAKE_PREFIX_PATH=/home/jlurobovision/eng_ws/install/msg_interfaces:/home/jlurobovision/eng_ws/install/serial:/home/jlurobovision/eng_ws/install/exchangestation_detector:/home/jlurobovision/eng_ws/install/hik_camera:/home/jlurobovision/eng_ws/install/galaxy_camera:/opt/ros/humble LD_LIBRARY_PATH=/home/jlurobovision/eng_ws/install/msg_interfaces/lib:/home/jlurobovision/eng_ws/install/exchangestation_detector/lib:/home/jlurobovision/eng_ws/install/hik_camera/lib:/home/jlurobovision/eng_ws/install/galaxy_camera/lib:/opt/ros/humble/opt/rviz_ogre_vendor/lib:/opt/ros/humble/lib/x86_64-linux-gnu:/opt/ros/humble/lib PYTHONPATH=/home/jlurobovision/eng_ws/install/msg_interfaces/lib/python3.10/site-packages:/home/jlurobovision/eng_ws/install/msg_interfaces/local/lib/python3.10/dist-packages:/opt/ros/humble/lib/python3.10/site-packages:/opt/ros/humble/local/lib/python3.10/dist-packages /usr/bin/cmake --build /home/jlurobovision/eng_ws/build/serial -- -j12 -l12
[0.102s] [35m[1mConsolidate compiler generated dependencies of target serial[0m
[0.103s] [35m[1mConsolidate compiler generated dependencies of target serial_node[0m
[0.154s] [ 12%] [32mBuilding CXX object CMakeFiles/serial_node.dir/src/serial.cpp.o[0m
[0.162s] [ 25%] [32mBuilding CXX object CMakeFiles/serial.dir/src/serial.cpp.o[0m
[4.114s] [01m[K/home/jlurobovision/eng_ws/src/serial/src/serial.cpp:[m[K In function ‚Äò[01m[Kstd::string symbolicToReal(std::string)[m[K‚Äô:
[4.114s] [01m[K/home/jlurobovision/eng_ws/src/serial/src/serial.cpp:12:12:[m[K [01;31m[Kerror: [m[K‚Äò[01m[KrelativeToFull[m[K‚Äô was not declared in this scope
[4.114s]    12 |     return [01;31m[KrelativeToFull[m[K(path_relative,path);
[4.114s]       |            [01;31m[K^~~~~~~~~~~~~~[m[K
[4.115s] [01m[K/home/jlurobovision/eng_ws/src/serial/src/serial.cpp:[m[K In function ‚Äò[01m[Kstd::vector<std::__cxx11::basic_string<char> > readLines(std::string)[m[K‚Äô:
[4.115s] [01m[K/home/jlurobovision/eng_ws/src/serial/src/serial.cpp:34:19:[m[K [01;31m[Kerror: [m[Kaggregate ‚Äò[01m[Kstd::ifstream file[m[K‚Äô has incomplete type and cannot be defined
[4.115s]    34 |     std::ifstream [01;31m[Kfile[m[K;
[4.115s]       |                   [01;31m[K^~~~[m[K
[4.169s] [01m[K/home/jlurobovision/eng_ws/src/serial/src/serial.cpp:[m[K In function ‚Äò[01m[Kstd::string symbolicToReal(std::string)[m[K‚Äô:
[4.169s] [01m[K/home/jlurobovision/eng_ws/src/serial/src/serial.cpp:12:12:[m[K [01;31m[Kerror: [m[K‚Äò[01m[KrelativeToFull[m[K‚Äô was not declared in this scope
[4.169s]    12 |     return [01;31m[KrelativeToFull[m[K(path_relative,path);
[4.169s]       |            [01;31m[K^~~~~~~~~~~~~~[m[K
[4.170s] [01m[K/home/jlurobovision/eng_ws/src/serial/src/serial.cpp:[m[K In function ‚Äò[01m[Kstd::vector<std::__cxx11::basic_string<char> > readLines(std::string)[m[K‚Äô:
[4.170s] [01m[K/home/jlurobovision/eng_ws/src/serial/src/serial.cpp:34:19:[m[K [01;31m[Kerror: [m[Kaggregate ‚Äò[01m[Kstd::ifstream file[m[K‚Äô has incomplete type and cannot be defined
[4.171s]    34 |     std::ifstream [01;31m[Kfile[m[K;
[4.171s]       |                   [01;31m[K^~~~[m[K
[4.690s] gmake[2]: *** [CMakeFiles/serial_node.dir/build.make:90ÔºöCMakeFiles/serial_node.dir/src/serial.cpp.o] ÈîôËØØ 1
[4.690s] gmake[1]: *** [CMakeFiles/Makefile2:165ÔºöCMakeFiles/serial_node.dir/all] ÈîôËØØ 2
[4.690s] gmake[1]: *** Ê≠£Âú®Á≠âÂæÖÊú™ÂÆåÊàêÁöÑ‰ªªÂä°....
[4.741s] gmake[2]: *** [CMakeFiles/serial.dir/build.make:90ÔºöCMakeFiles/serial.dir/src/serial.cpp.o] ÈîôËØØ 1
[4.741s] gmake[1]: *** [CMakeFiles/Makefile2:139ÔºöCMakeFiles/serial.dir/all] ÈîôËØØ 2
[4.741s] gmake: *** [Makefile:146Ôºöall] ÈîôËØØ 2
[4.744s] Invoked command in '/home/jlurobovision/eng_ws/build/serial' returned '2': CMAKE_PREFIX_PATH=/home/jlurobovision/eng_ws/install/msg_interfaces:/home/jlurobovision/eng_ws/install/serial:/home/jlurobovision/eng_ws/install/exchangestation_detector:/home/jlurobovision/eng_ws/install/hik_camera:/home/jlurobovision/eng_ws/install/galaxy_camera:/opt/ros/humble LD_LIBRARY_PATH=/home/jlurobovision/eng_ws/install/msg_interfaces/lib:/home/jlurobovision/eng_ws/install/exchangestation_detector/lib:/home/jlurobovision/eng_ws/install/hik_camera/lib:/home/jlurobovision/eng_ws/install/galaxy_camera/lib:/opt/ros/humble/opt/rviz_ogre_vendor/lib:/opt/ros/humble/lib/x86_64-linux-gnu:/opt/ros/humble/lib PYTHONPATH=/home/jlurobovision/eng_ws/install/msg_interfaces/lib/python3.10/site-packages:/home/jlurobovision/eng_ws/install/msg_interfaces/local/lib/python3.10/dist-packages:/opt/ros/humble/lib/python3.10/site-packages:/opt/ros/humble/local/lib/python3.10/dist-packages /usr/bin/cmake --build /home/jlurobovision/eng_ws/build/serial -- -j12 -l12
