In file included from [01m[K/home/stardust/eng_ws/src/exchangestation_detector/src/detector_node.cpp:7[m[K:
[01m[K/opt/ros/humble/include/rclcpp/rclcpp/duration.hpp:20:10:[m[K [01;31m[Kfatal error: [m[Kbuiltin_interfaces/msg/duration.hpp: 没有那个文件或目录
   20 | #include [01;31m[K"builtin_interfaces/msg/duration.hpp"[m[K
      |          [01;31m[K^~~~~~~~~~~~~~~~~~~~~~~~~~~~~~~~~~~~~[m[K
compilation terminated.
In file included from [01m[K/home/stardust/eng_ws/src/exchangestation_detector/src/exchangestation_detector.cpp:1[m[K:
[01m[K/home/stardust/eng_ws/src/exchangestation_detector/include/exchangestation_detector/exchangestation_detector.hpp:16:10:[m[K [01;31m[Kfatal error: [m[Kserial/packet.hpp: 没有那个文件或目录
   16 | #include [01;31m[K"serial/packet.hpp"[m[K
      |          [01;31m[K^~~~~~~~~~~~~~~~~~~[m[K
compilation terminated.
gmake[2]: *** [CMakeFiles/exchangestation_detector.dir/build.make:90：CMakeFiles/exchangestation_detector.dir/src/detector_node.cpp.o] 错误 1
gmake[2]: *** 正在等待未完成的任务....
gmake[2]: *** [CMakeFiles/exchangestation_detector.dir/build.make:76：CMakeFiles/exchangestation_detector.dir/src/exchangestation_detector.cpp.o] 错误 1
gmake[1]: *** [CMakeFiles/Makefile2:137：CMakeFiles/exchangestation_detector.dir/all] 错误 2
gmake: *** [Makefile:146：all] 错误 2
