[0.007s] Invoking command in '/home/jlurobovision/eng_ws/build/exchangestation_detector': AMENT_PREFIX_PATH=/home/jlurobovision/eng_ws/install/msg_interfaces:${AMENT_PREFIX_PATH} CMAKE_PREFIX_PATH=/home/jlurobovision/eng_ws/install/msg_interfaces:/opt/ros/humble LD_LIBRARY_PATH=/home/jlurobovision/eng_ws/install/msg_interfaces/lib:${LD_LIBRARY_PATH} PYTHONPATH=/home/jlurobovision/eng_ws/install/msg_interfaces/local/lib/python3.10/dist-packages:/home/jlurobovision/eng_ws/install/msg_interfaces/lib/python3.10/site-packages:${PYTHONPATH} /usr/bin/cmake --build /home/jlurobovision/eng_ws/build/exchangestation_detector -- -j12 -l12
[0.065s] [ 20%] [32mBuilding CXX object CMakeFiles/exchangestation_detector.dir/src/detector_node.cpp.o[0m
[0.067s] [ 60%] Built target detector_node
[3.192s] [01m[K/home/jlurobovision/eng_ws/src/exchangestation_detector/src/detector_node.cpp:[m[K In member function â€˜[01m[Kvoid exchangestation_detector_node::imageCallback(const SharedPtr&)[m[Kâ€™:
[3.193s] [01m[K/home/jlurobovision/eng_ws/src/exchangestation_detector/src/detector_node.cpp:70:12:[m[K [01;35m[Kwarning: [m[Kvariable â€˜[01m[Kpacket[m[Kâ€™ set but not used [[01;35m[K]8;;https://gcc.gnu.org/onlinedocs/gcc/Warning-Options.html#index-Wunused-but-set-variable-Wunused-but-set-variable]8;;[m[K]
[3.193s]    70 |     Packet [01;35m[Kpacket[m[K = detector->solveAngle();
[3.193s]       |            [01;35m[K^~~~~~[m[K
[3.218s] In file included from [01m[K/opt/ros/humble/include/class_loader/class_loader/class_loader.hpp:56[m[K,
[3.218s]                  from [01m[K/opt/ros/humble/include/rclcpp_components/rclcpp_components/register_node_macro.hpp:18[m[K,
[3.218s]                  from [01m[K/home/jlurobovision/eng_ws/src/exchangestation_detector/src/detector_node.cpp:72[m[K:
[3.218s] [01m[K/home/jlurobovision/eng_ws/src/exchangestation_detector/src/detector_node.cpp:[m[K At global scope:
[3.219s] [01m[K/home/jlurobovision/eng_ws/src/exchangestation_detector/src/detector_node.cpp:74:3:[m[K [01;31m[Kerror: [m[Kâ€˜[01m[Kexchangestation_detector[m[Kâ€™ was not declared in this scope; did you mean â€˜[01m[KExchangeStationDetector[m[Kâ€™?
[3.219s]    74 |   [01;31m[Kexchangestation_detector[m[K
[3.219s]       |   [01;31m[K^~~~~~~~~~~~~~~~~~~~~~~~[m[K
[3.219s] [01m[K/home/jlurobovision/eng_ws/src/exchangestation_detector/src/detector_node.cpp:73:1:[m[K [01;31m[Kerror: [m[Ktemplate argument 1 is invalid
[3.219s]    73 | [01;31m[KRCLCPP_COMPONENTS_REGISTER_NODE[m[K(
[3.219s]       | [01;31m[K^~~~~~~~~~~~~~~~~~~~~~~~~~~~~~~[m[K
[5.594s] In file included from [01m[K/opt/ros/humble/include/class_loader/class_loader/class_loader_core.hpp:57[m[K,
[5.594s]                  from [01m[K/opt/ros/humble/include/class_loader/class_loader/class_loader.hpp:55[m[K,
[5.594s]                  from [01m[K/opt/ros/humble/include/rclcpp_components/rclcpp_components/register_node_macro.hpp:18[m[K,
[5.594s]                  from [01m[K/home/jlurobovision/eng_ws/src/exchangestation_detector/src/detector_node.cpp:72[m[K:
[5.594s] /opt/ros/humble/include/class_loader/class_loader/meta_object.hpp: In instantiation of â€˜[01m[KB* class_loader::impl::MetaObject<C, B>::create() const [with C = int; B = rclcpp_components::NodeFactory][m[Kâ€™:
[5.594s] [01m[K/opt/ros/humble/include/class_loader/class_loader/meta_object.hpp:216:7:[m[K   required from here
[5.594s] [01m[K/opt/ros/humble/include/class_loader/class_loader/meta_object.hpp:218:12:[m[K [01;31m[Kerror: [m[Kcannot convert â€˜[01m[Kint*[m[Kâ€™ to â€˜[01m[Krclcpp_components::NodeFactory*[m[Kâ€™ in return
[5.594s]   218 |     return [01;31m[Knew C[m[K;
[5.595s]       |            [01;31m[K^~~~~[m[K
[5.595s]       |            [01;31m[K|[m[K
[5.595s]       |            [01;31m[Kint*[m[K
[7.309s] gmake[2]: *** [CMakeFiles/exchangestation_detector.dir/build.make:76ï¼šCMakeFiles/exchangestation_detector.dir/src/detector_node.cpp.o] é”™è¯¯ 1
[7.309s] gmake[1]: *** [CMakeFiles/Makefile2:139ï¼šCMakeFiles/exchangestation_detector.dir/all] é”™è¯¯ 2
[7.309s] gmake: *** [Makefile:146ï¼šall] é”™è¯¯ 2
[7.311s] Invoked command in '/home/jlurobovision/eng_ws/build/exchangestation_detector' returned '2': AMENT_PREFIX_PATH=/home/jlurobovision/eng_ws/install/msg_interfaces:${AMENT_PREFIX_PATH} CMAKE_PREFIX_PATH=/home/jlurobovision/eng_ws/install/msg_interfaces:/opt/ros/humble LD_LIBRARY_PATH=/home/jlurobovision/eng_ws/install/msg_interfaces/lib:${LD_LIBRARY_PATH} PYTHONPATH=/home/jlurobovision/eng_ws/install/msg_interfaces/local/lib/python3.10/dist-packages:/home/jlurobovision/eng_ws/install/msg_interfaces/lib/python3.10/site-packages:${PYTHONPATH} /usr/bin/cmake --build /home/jlurobovision/eng_ws/build/exchangestation_detector -- -j12 -l12
